This is pdfTeX, Version 3.141592653-2.6-1.40.26 (MiKTeX 24.3) (preloaded format=pdflatex 2024.4.1)  29 MAY 2024 14:02
entering extended mode
 restricted \write18 enabled.
 file:line:error style messages enabled.
 %&-line parsing enabled.
**"d:/GitHub/Garavito_Craters/Tesis/project document/tesis.tex"
(d:/GitHub/Garavito_Craters/Tesis/project document/tesis.tex
LaTeX2e <2023-11-01> patch level 1
L3 programming layer <2024-03-14>
(C:\Program Files\MiKTeX\tex/latex/base\article.cls
Document Class: article 2023/05/17 v1.4n Standard LaTeX document class
(C:\Program Files\MiKTeX\tex/latex/base\size12.clo
File: size12.clo 2023/05/17 v1.4n Standard LaTeX file (size option)
)
\c@part=\count188
\c@section=\count189
\c@subsection=\count190
\c@subsubsection=\count191
\c@paragraph=\count192
\c@subparagraph=\count193
\c@figure=\count194
\c@table=\count195
\abovecaptionskip=\skip48
\belowcaptionskip=\skip49
\bibindent=\dimen140
) (Settings.tex (C:\Program Files\MiKTeX\tex/latex/geometry\geometry.sty
Package: geometry 2020/01/02 v5.9 Page Geometry
 (C:\Program Files\MiKTeX\tex/latex/graphics\keyval.sty
Package: keyval 2022/05/29 v1.15 key=value parser (DPC)
\KV@toks@=\toks17
) (C:\Program Files\MiKTeX\tex/generic/iftex\ifvtex.sty
Package: ifvtex 2019/10/25 v1.7 ifvtex legacy package. Use iftex instead.
 (C:\Program Files\MiKTeX\tex/generic/iftex\iftex.sty
Package: iftex 2022/02/03 v1.0f TeX engine tests
))
\Gm@cnth=\count196
\Gm@cntv=\count197
\c@Gm@tempcnt=\count198
\Gm@bindingoffset=\dimen141
\Gm@wd@mp=\dimen142
\Gm@odd@mp=\dimen143
\Gm@even@mp=\dimen144
\Gm@layoutwidth=\dimen145
\Gm@layoutheight=\dimen146
\Gm@layouthoffset=\dimen147
\Gm@layoutvoffset=\dimen148
\Gm@dimlist=\toks18
 (C:\Program Files\MiKTeX\tex/latex/geometry\geometry.cfg)) (C:\Program Files\MiKTeX\tex/latex/titlesec\titlesec.sty
Package: titlesec 2023/10/27 v2.16 Sectioning titles
\ttl@box=\box51
\beforetitleunit=\skip50
\aftertitleunit=\skip51
\ttl@plus=\dimen149
\ttl@minus=\dimen150
\ttl@toksa=\toks19
\titlewidth=\dimen151
\titlewidthlast=\dimen152
\titlewidthfirst=\dimen153
) (C:\Program Files\MiKTeX\tex/generic/babel\babel.sty
Package: babel 2024/02/07 v24.2 The Babel package
\babel@savecnt=\count199
\U@D=\dimen154
\l@unhyphenated=\language79
 (C:\Program Files\MiKTeX\tex/generic/babel\txtbabel.def)
\bbl@readstream=\read2
\bbl@dirlevel=\count266

*************************************
* Local config file bblopts.cfg used
*
(C:\Program Files\MiKTeX\tex/latex/arabi\bblopts.cfg
File: bblopts.cfg 2005/09/08 v0.1 add Arabic and Farsi to "declared" options of babel
) (C:\Program Files\MiKTeX\tex/latex/babel-spanish\spanish.ldf
Language: spanish.ldf 2021/05/27 v5.0q Spanish support from the babel system
\es@quottoks=\toks20
\es@quotdepth=\count267
)) (C:\Program Files\MiKTeX\tex/generic/babel/locale/es\babel-spanish.tex
Package babel Info: Importing font and identification data for spanish
(babel)             from babel-es.ini. Reported on input line 11.
) (C:\Program Files\MiKTeX\tex/latex/base\inputenc.sty
Package: inputenc 2021/02/14 v1.3d Input encoding file
\inpenc@prehook=\toks21
\inpenc@posthook=\toks22
) (C:\Program Files\MiKTeX\tex/latex/base\fontenc.sty
Package: fontenc 2021/04/29 v2.0v Standard LaTeX package
) (C:\Program Files\MiKTeX\tex/latex/graphics\color.sty
Package: color 2022/01/06 v1.3d Standard LaTeX Color (DPC)
 (C:\Program Files\MiKTeX\tex/latex/graphics-cfg\color.cfg
File: color.cfg 2016/01/02 v1.6 sample color configuration
)
Package color Info: Driver file: pdftex.def on input line 149.
 (C:\Program Files\MiKTeX\tex/latex/graphics-def\pdftex.def
File: pdftex.def 2022/09/22 v1.2b Graphics/color driver for pdftex
) (C:\Program Files\MiKTeX\tex/latex/graphics\mathcolor.ltx)) (C:\Program Files\MiKTeX\tex/latex/xcolor\xcolor.sty
Package: xcolor 2023/11/15 v3.01 LaTeX color extensions (UK)
 (C:\Program Files\MiKTeX\tex/latex/graphics-cfg\color.cfg
File: color.cfg 2016/01/02 v1.6 sample color configuration
)
Package xcolor Info: Driver file: pdftex.def on input line 274.
LaTeX Info: Redefining \color on input line 758.
 (C:\Program Files\MiKTeX\tex/latex/graphics\mathcolor.ltx)
Package xcolor Info: Model `cmy' substituted by `cmy0' on input line 1350.
Package xcolor Info: Model `hsb' substituted by `rgb' on input line 1354.
Package xcolor Info: Model `RGB' extended on input line 1366.
Package xcolor Info: Model `HTML' substituted by `rgb' on input line 1368.
Package xcolor Info: Model `Hsb' substituted by `hsb' on input line 1369.
Package xcolor Info: Model `tHsb' substituted by `hsb' on input line 1370.
Package xcolor Info: Model `HSB' substituted by `hsb' on input line 1371.
Package xcolor Info: Model `Gray' substituted by `gray' on input line 1372.
Package xcolor Info: Model `wave' substituted by `hsb' on input line 1373.
) (C:\Program Files\MiKTeX\tex/latex/addfont\addfont.sty
Package: addfont 2021/03/20 v. 1.1 Easier usage of fonts without LaTeX support.
 (C:\Program Files\MiKTeX\tex/latex/oberdiek\twoopt.sty
Package: twoopt 2016/05/16 v1.6 Definitions with two optional arguments (HO)
) (C:\Program Files\MiKTeX\tex/latex/base\ifthen.sty
Package: ifthen 2022/04/13 v1.1d Standard LaTeX ifthen package (DPC)
)) (C:\Program Files\MiKTeX\tex/latex/sectsty\sectsty.sty
Package: sectsty 2002/02/25 v2.0.2 Commands to change all sectional heading styles


LaTeX Warning: Command \underbar  has changed.
               Check if current package is valid.


LaTeX Warning: Command \underline  has changed.
               Check if current package is valid.

) (C:\Program Files\MiKTeX\tex/latex/lm\lmodern.sty
Package: lmodern 2015/05/01 v1.6.1 Latin Modern Fonts
LaTeX Font Info:    Overwriting symbol font `operators' in version `normal'
(Font)                  OT1/cmr/m/n --> OT1/lmr/m/n on input line 22.
LaTeX Font Info:    Overwriting symbol font `letters' in version `normal'
(Font)                  OML/cmm/m/it --> OML/lmm/m/it on input line 23.
LaTeX Font Info:    Overwriting symbol font `symbols' in version `normal'
(Font)                  OMS/cmsy/m/n --> OMS/lmsy/m/n on input line 24.
LaTeX Font Info:    Overwriting symbol font `largesymbols' in version `normal'
(Font)                  OMX/cmex/m/n --> OMX/lmex/m/n on input line 25.
LaTeX Font Info:    Overwriting symbol font `operators' in version `bold'
(Font)                  OT1/cmr/bx/n --> OT1/lmr/bx/n on input line 26.
LaTeX Font Info:    Overwriting symbol font `letters' in version `bold'
(Font)                  OML/cmm/b/it --> OML/lmm/b/it on input line 27.
LaTeX Font Info:    Overwriting symbol font `symbols' in version `bold'
(Font)                  OMS/cmsy/b/n --> OMS/lmsy/b/n on input line 28.
LaTeX Font Info:    Overwriting symbol font `largesymbols' in version `bold'
(Font)                  OMX/cmex/m/n --> OMX/lmex/m/n on input line 29.
LaTeX Font Info:    Overwriting math alphabet `\mathbf' in version `normal'
(Font)                  OT1/cmr/bx/n --> OT1/lmr/bx/n on input line 31.
LaTeX Font Info:    Overwriting math alphabet `\mathsf' in version `normal'
(Font)                  OT1/cmss/m/n --> OT1/lmss/m/n on input line 32.
LaTeX Font Info:    Overwriting math alphabet `\mathit' in version `normal'
(Font)                  OT1/cmr/m/it --> OT1/lmr/m/it on input line 33.
LaTeX Font Info:    Overwriting math alphabet `\mathtt' in version `normal'
(Font)                  OT1/cmtt/m/n --> OT1/lmtt/m/n on input line 34.
LaTeX Font Info:    Overwriting math alphabet `\mathbf' in version `bold'
(Font)                  OT1/cmr/bx/n --> OT1/lmr/bx/n on input line 35.
LaTeX Font Info:    Overwriting math alphabet `\mathsf' in version `bold'
(Font)                  OT1/cmss/bx/n --> OT1/lmss/bx/n on input line 36.
LaTeX Font Info:    Overwriting math alphabet `\mathit' in version `bold'
(Font)                  OT1/cmr/bx/it --> OT1/lmr/bx/it on input line 37.
LaTeX Font Info:    Overwriting math alphabet `\mathtt' in version `bold'
(Font)                  OT1/cmtt/m/n --> OT1/lmtt/m/n on input line 38.
) (C:\Program Files\MiKTeX\tex/latex/tools\verbatim.sty
Package: verbatim 2023-11-06 v1.5v LaTeX2e package for verbatim enhancements
\every@verbatim=\toks23
\verbatim@line=\toks24
\verbatim@in@stream=\read3
) (C:\Program Files\MiKTeX\tex/latex/lipsum\lipsum.sty (C:\Program Files\MiKTeX\tex/latex/l3packages/l3keys2e\l3keys2e.sty (C:\Program Files\MiKTeX\tex/latex/l3kernel\expl3.sty
Package: expl3 2024-03-14 L3 programming layer (loader) 
 (C:\Program Files\MiKTeX\tex/latex/l3backend\l3backend-pdftex.def
File: l3backend-pdftex.def 2024-03-14 L3 backend support: PDF output (pdfTeX)
\l__color_backend_stack_int=\count268
\l__pdf_internal_box=\box52
))
Package: l3keys2e 2024-03-14 LaTeX2e option processing using LaTeX3 keys
)
Package: lipsum 2021-09-20 v2.7 150 paragraphs of Lorem Ipsum dummy text
\g__lipsum_par_int=\count269
\l__lipsum_a_int=\count270
\l__lipsum_b_int=\count271
 (C:\Program Files\MiKTeX\tex/latex/lipsum\lipsum.ltd.tex)) (C:\Program Files\MiKTeX\tex/latex/base\textcomp.sty
Package: textcomp 2020/02/02 v2.0n Standard LaTeX package
) (C:\Program Files\MiKTeX\tex/latex/graphics\graphicx.sty
Package: graphicx 2021/09/16 v1.2d Enhanced LaTeX Graphics (DPC,SPQR)
 (C:\Program Files\MiKTeX\tex/latex/graphics\graphics.sty
Package: graphics 2022/03/10 v1.4e Standard LaTeX Graphics (DPC,SPQR)
 (C:\Program Files\MiKTeX\tex/latex/graphics\trig.sty
Package: trig 2021/08/11 v1.11 sin cos tan (DPC)
) (C:\Program Files\MiKTeX\tex/latex/graphics-cfg\graphics.cfg
File: graphics.cfg 2016/06/04 v1.11 sample graphics configuration
)
Package graphics Info: Driver file: pdftex.def on input line 107.
)
\Gin@req@height=\dimen155
\Gin@req@width=\dimen156
) (C:\Program Files\MiKTeX\tex/latex/sidecap\sidecap.sty
Package: sidecap 2023/01/24 v1.7a SideCap Package (RN/HjG)
\SC@BOXWD=\dimen157
\SC@CAPWD=\dimen158
\SC@tempdima=\dimen159
\SC@tempdimb=\dimen160
\c@SC@C=\count272
\SC@BOX=\box53
) (C:\Program Files\MiKTeX\tex/latex/pgf/frontendlayer\tikz.sty (C:\Program Files\MiKTeX\tex/latex/pgf/basiclayer\pgf.sty (C:\Program Files\MiKTeX\tex/latex/pgf/utilities\pgfrcs.sty (C:\Program Files\MiKTeX\tex/generic/pgf/utilities\pgfutil-common.tex
\pgfutil@everybye=\toks25
\pgfutil@tempdima=\dimen161
\pgfutil@tempdimb=\dimen162
) (C:\Program Files\MiKTeX\tex/generic/pgf/utilities\pgfutil-latex.def
\pgfutil@abb=\box54
) (C:\Program Files\MiKTeX\tex/generic/pgf/utilities\pgfrcs.code.tex (C:\Program Files\MiKTeX\tex/generic/pgf\pgf.revision.tex)
Package: pgfrcs 2023-01-15 v3.1.10 (3.1.10)
))
Package: pgf 2023-01-15 v3.1.10 (3.1.10)
 (C:\Program Files\MiKTeX\tex/latex/pgf/basiclayer\pgfcore.sty (C:\Program Files\MiKTeX\tex/latex/pgf/systemlayer\pgfsys.sty (C:\Program Files\MiKTeX\tex/generic/pgf/systemlayer\pgfsys.code.tex
Package: pgfsys 2023-01-15 v3.1.10 (3.1.10)
 (C:\Program Files\MiKTeX\tex/generic/pgf/utilities\pgfkeys.code.tex
\pgfkeys@pathtoks=\toks26
\pgfkeys@temptoks=\toks27
 (C:\Program Files\MiKTeX\tex/generic/pgf/utilities\pgfkeyslibraryfiltered.code.tex
\pgfkeys@tmptoks=\toks28
))
\pgf@x=\dimen163
\pgf@y=\dimen164
\pgf@xa=\dimen165
\pgf@ya=\dimen166
\pgf@xb=\dimen167
\pgf@yb=\dimen168
\pgf@xc=\dimen169
\pgf@yc=\dimen170
\pgf@xd=\dimen171
\pgf@yd=\dimen172
\w@pgf@writea=\write3
\r@pgf@reada=\read4
\c@pgf@counta=\count273
\c@pgf@countb=\count274
\c@pgf@countc=\count275
\c@pgf@countd=\count276
\t@pgf@toka=\toks29
\t@pgf@tokb=\toks30
\t@pgf@tokc=\toks31
\pgf@sys@id@count=\count277
 (C:\Program Files\MiKTeX\tex/generic/pgf/systemlayer\pgf.cfg
File: pgf.cfg 2023-01-15 v3.1.10 (3.1.10)
)
Driver file for pgf: pgfsys-pdftex.def
 (C:\Program Files\MiKTeX\tex/generic/pgf/systemlayer\pgfsys-pdftex.def
File: pgfsys-pdftex.def 2023-01-15 v3.1.10 (3.1.10)
 (C:\Program Files\MiKTeX\tex/generic/pgf/systemlayer\pgfsys-common-pdf.def
File: pgfsys-common-pdf.def 2023-01-15 v3.1.10 (3.1.10)
))) (C:\Program Files\MiKTeX\tex/generic/pgf/systemlayer\pgfsyssoftpath.code.tex
File: pgfsyssoftpath.code.tex 2023-01-15 v3.1.10 (3.1.10)
\pgfsyssoftpath@smallbuffer@items=\count278
\pgfsyssoftpath@bigbuffer@items=\count279
) (C:\Program Files\MiKTeX\tex/generic/pgf/systemlayer\pgfsysprotocol.code.tex
File: pgfsysprotocol.code.tex 2023-01-15 v3.1.10 (3.1.10)
)) (C:\Program Files\MiKTeX\tex/generic/pgf/basiclayer\pgfcore.code.tex
Package: pgfcore 2023-01-15 v3.1.10 (3.1.10)
 (C:\Program Files\MiKTeX\tex/generic/pgf/math\pgfmath.code.tex (C:\Program Files\MiKTeX\tex/generic/pgf/math\pgfmathutil.code.tex) (C:\Program Files\MiKTeX\tex/generic/pgf/math\pgfmathparser.code.tex
\pgfmath@dimen=\dimen173
\pgfmath@count=\count280
\pgfmath@box=\box55
\pgfmath@toks=\toks32
\pgfmath@stack@operand=\toks33
\pgfmath@stack@operation=\toks34
) (C:\Program Files\MiKTeX\tex/generic/pgf/math\pgfmathfunctions.code.tex) (C:\Program Files\MiKTeX\tex/generic/pgf/math\pgfmathfunctions.basic.code.tex) (C:\Program Files\MiKTeX\tex/generic/pgf/math\pgfmathfunctions.trigonometric.code.tex) (C:\Program Files\MiKTeX\tex/generic/pgf/math\pgfmathfunctions.random.code.tex) (C:\Program Files\MiKTeX\tex/generic/pgf/math\pgfmathfunctions.comparison.code.tex) (C:\Program Files\MiKTeX\tex/generic/pgf/math\pgfmathfunctions.base.code.tex) (C:\Program Files\MiKTeX\tex/generic/pgf/math\pgfmathfunctions.round.code.tex) (C:\Program Files\MiKTeX\tex/generic/pgf/math\pgfmathfunctions.misc.code.tex) (C:\Program Files\MiKTeX\tex/generic/pgf/math\pgfmathfunctions.integerarithmetics.code.tex) (C:\Program Files\MiKTeX\tex/generic/pgf/math\pgfmathcalc.code.tex) (C:\Program Files\MiKTeX\tex/generic/pgf/math\pgfmathfloat.code.tex
\c@pgfmathroundto@lastzeros=\count281
)) (C:\Program Files\MiKTeX\tex/generic/pgf/math\pgfint.code.tex) (C:\Program Files\MiKTeX\tex/generic/pgf/basiclayer\pgfcorepoints.code.tex
File: pgfcorepoints.code.tex 2023-01-15 v3.1.10 (3.1.10)
\pgf@picminx=\dimen174
\pgf@picmaxx=\dimen175
\pgf@picminy=\dimen176
\pgf@picmaxy=\dimen177
\pgf@pathminx=\dimen178
\pgf@pathmaxx=\dimen179
\pgf@pathminy=\dimen180
\pgf@pathmaxy=\dimen181
\pgf@xx=\dimen182
\pgf@xy=\dimen183
\pgf@yx=\dimen184
\pgf@yy=\dimen185
\pgf@zx=\dimen186
\pgf@zy=\dimen187
) (C:\Program Files\MiKTeX\tex/generic/pgf/basiclayer\pgfcorepathconstruct.code.tex
File: pgfcorepathconstruct.code.tex 2023-01-15 v3.1.10 (3.1.10)
\pgf@path@lastx=\dimen188
\pgf@path@lasty=\dimen189
) (C:\Program Files\MiKTeX\tex/generic/pgf/basiclayer\pgfcorepathusage.code.tex
File: pgfcorepathusage.code.tex 2023-01-15 v3.1.10 (3.1.10)
\pgf@shorten@end@additional=\dimen190
\pgf@shorten@start@additional=\dimen191
) (C:\Program Files\MiKTeX\tex/generic/pgf/basiclayer\pgfcorescopes.code.tex
File: pgfcorescopes.code.tex 2023-01-15 v3.1.10 (3.1.10)
\pgfpic=\box56
\pgf@hbox=\box57
\pgf@layerbox@main=\box58
\pgf@picture@serial@count=\count282
) (C:\Program Files\MiKTeX\tex/generic/pgf/basiclayer\pgfcoregraphicstate.code.tex
File: pgfcoregraphicstate.code.tex 2023-01-15 v3.1.10 (3.1.10)
\pgflinewidth=\dimen192
) (C:\Program Files\MiKTeX\tex/generic/pgf/basiclayer\pgfcoretransformations.code.tex
File: pgfcoretransformations.code.tex 2023-01-15 v3.1.10 (3.1.10)
\pgf@pt@x=\dimen193
\pgf@pt@y=\dimen194
\pgf@pt@temp=\dimen195
) (C:\Program Files\MiKTeX\tex/generic/pgf/basiclayer\pgfcorequick.code.tex
File: pgfcorequick.code.tex 2023-01-15 v3.1.10 (3.1.10)
) (C:\Program Files\MiKTeX\tex/generic/pgf/basiclayer\pgfcoreobjects.code.tex
File: pgfcoreobjects.code.tex 2023-01-15 v3.1.10 (3.1.10)
) (C:\Program Files\MiKTeX\tex/generic/pgf/basiclayer\pgfcorepathprocessing.code.tex
File: pgfcorepathprocessing.code.tex 2023-01-15 v3.1.10 (3.1.10)
) (C:\Program Files\MiKTeX\tex/generic/pgf/basiclayer\pgfcorearrows.code.tex
File: pgfcorearrows.code.tex 2023-01-15 v3.1.10 (3.1.10)
\pgfarrowsep=\dimen196
) (C:\Program Files\MiKTeX\tex/generic/pgf/basiclayer\pgfcoreshade.code.tex
File: pgfcoreshade.code.tex 2023-01-15 v3.1.10 (3.1.10)
\pgf@max=\dimen197
\pgf@sys@shading@range@num=\count283
\pgf@shadingcount=\count284
) (C:\Program Files\MiKTeX\tex/generic/pgf/basiclayer\pgfcoreimage.code.tex
File: pgfcoreimage.code.tex 2023-01-15 v3.1.10 (3.1.10)
) (C:\Program Files\MiKTeX\tex/generic/pgf/basiclayer\pgfcoreexternal.code.tex
File: pgfcoreexternal.code.tex 2023-01-15 v3.1.10 (3.1.10)
\pgfexternal@startupbox=\box59
) (C:\Program Files\MiKTeX\tex/generic/pgf/basiclayer\pgfcorelayers.code.tex
File: pgfcorelayers.code.tex 2023-01-15 v3.1.10 (3.1.10)
) (C:\Program Files\MiKTeX\tex/generic/pgf/basiclayer\pgfcoretransparency.code.tex
File: pgfcoretransparency.code.tex 2023-01-15 v3.1.10 (3.1.10)
) (C:\Program Files\MiKTeX\tex/generic/pgf/basiclayer\pgfcorepatterns.code.tex
File: pgfcorepatterns.code.tex 2023-01-15 v3.1.10 (3.1.10)
) (C:\Program Files\MiKTeX\tex/generic/pgf/basiclayer\pgfcorerdf.code.tex
File: pgfcorerdf.code.tex 2023-01-15 v3.1.10 (3.1.10)
))) (C:\Program Files\MiKTeX\tex/generic/pgf/modules\pgfmoduleshapes.code.tex
File: pgfmoduleshapes.code.tex 2023-01-15 v3.1.10 (3.1.10)
\pgfnodeparttextbox=\box60
) (C:\Program Files\MiKTeX\tex/generic/pgf/modules\pgfmoduleplot.code.tex
File: pgfmoduleplot.code.tex 2023-01-15 v3.1.10 (3.1.10)
) (C:\Program Files\MiKTeX\tex/latex/pgf/compatibility\pgfcomp-version-0-65.sty
Package: pgfcomp-version-0-65 2023-01-15 v3.1.10 (3.1.10)
\pgf@nodesepstart=\dimen198
\pgf@nodesepend=\dimen199
) (C:\Program Files\MiKTeX\tex/latex/pgf/compatibility\pgfcomp-version-1-18.sty
Package: pgfcomp-version-1-18 2023-01-15 v3.1.10 (3.1.10)
)) (C:\Program Files\MiKTeX\tex/latex/pgf/utilities\pgffor.sty (C:\Program Files\MiKTeX\tex/latex/pgf/utilities\pgfkeys.sty (C:\Program Files\MiKTeX\tex/generic/pgf/utilities\pgfkeys.code.tex)) (C:\Program Files\MiKTeX\tex/latex/pgf/math\pgfmath.sty (C:\Program Files\MiKTeX\tex/generic/pgf/math\pgfmath.code.tex)) (C:\Program Files\MiKTeX\tex/generic/pgf/utilities\pgffor.code.tex
Package: pgffor 2023-01-15 v3.1.10 (3.1.10)
\pgffor@iter=\dimen256
\pgffor@skip=\dimen257
\pgffor@stack=\toks35
\pgffor@toks=\toks36
)) (C:\Program Files\MiKTeX\tex/generic/pgf/frontendlayer/tikz\tikz.code.tex
Package: tikz 2023-01-15 v3.1.10 (3.1.10)
 (C:\Program Files\MiKTeX\tex/generic/pgf/libraries\pgflibraryplothandlers.code.tex
File: pgflibraryplothandlers.code.tex 2023-01-15 v3.1.10 (3.1.10)
\pgf@plot@mark@count=\count285
\pgfplotmarksize=\dimen258
)
\tikz@lastx=\dimen259
\tikz@lasty=\dimen260
\tikz@lastxsaved=\dimen261
\tikz@lastysaved=\dimen262
\tikz@lastmovetox=\dimen263
\tikz@lastmovetoy=\dimen264
\tikzleveldistance=\dimen265
\tikzsiblingdistance=\dimen266
\tikz@figbox=\box61
\tikz@figbox@bg=\box62
\tikz@tempbox=\box63
\tikz@tempbox@bg=\box64
\tikztreelevel=\count286
\tikznumberofchildren=\count287
\tikznumberofcurrentchild=\count288
\tikz@fig@count=\count289
 (C:\Program Files\MiKTeX\tex/generic/pgf/modules\pgfmodulematrix.code.tex
File: pgfmodulematrix.code.tex 2023-01-15 v3.1.10 (3.1.10)
\pgfmatrixcurrentrow=\count290
\pgfmatrixcurrentcolumn=\count291
\pgf@matrix@numberofcolumns=\count292
)
\tikz@expandcount=\count293
 (C:\Program Files\MiKTeX\tex/generic/pgf/frontendlayer/tikz/libraries\tikzlibrarytopaths.code.tex
File: tikzlibrarytopaths.code.tex 2023-01-15 v3.1.10 (3.1.10)
))) (C:\Program Files\MiKTeX\tex/generic/pgf/frontendlayer/tikz/libraries\tikzlibrarybabel.code.tex
File: tikzlibrarybabel.code.tex 2023-01-15 v3.1.10 (3.1.10)
) (C:\Program Files\MiKTeX\tex/generic/pgf/frontendlayer/tikz/libraries\tikzlibrarypositioning.code.tex
File: tikzlibrarypositioning.code.tex 2023-01-15 v3.1.10 (3.1.10)
) (C:\Program Files\MiKTeX\tex/latex/pstricks\pst-all.sty
Package: pst-all 2008/01/01 the main pstricks tools
 (C:\Program Files\MiKTeX\tex/latex/pstricks\pstricks.sty
Package: pstricks 2024/02/02 v0.75 LaTeX wrapper for `PSTricks' (RN,HV)
 (C:\Program Files\MiKTeX\tex/generic/xkeyval\pst-xkey.tex
File: pst-xkey.tex 2005/11/25 v1.6 PSTricks specialization of xkeyval (HA)
 (C:\Program Files\MiKTeX\tex/latex/xkeyval\xkeyval.sty
Package: xkeyval 2022/06/16 v2.9 package option processing (HA)
 (C:\Program Files\MiKTeX\tex/generic/xkeyval\xkeyval.tex (C:\Program Files\MiKTeX\tex/generic/xkeyval\xkvutils.tex
\XKV@toks=\toks37
\XKV@tempa@toks=\toks38
)
\XKV@depth=\count294
File: xkeyval.tex 2014/12/03 v2.7a key=value parser (HA)
))) (C:\Program Files\MiKTeX\tex/generic/pstricks\pstricks.tex (C:\Program Files\MiKTeX\tex/generic/pstricks\pst-fp.tex `pst-fp' v0.06, 2020/11/20 (hv)
\pstFP@xs=\count295
\pstFP@xia=\count296
\pstFP@xib=\count297
\pstFP@xfa=\count298
\pstFP@xfb=\count299
\pstFP@rega=\count300
\pstFP@regb=\count301
\pstFP@regs=\count302
\pstFP@times=\count303
)
\psLoopIndex=\count304

`PSTricks' v3.19c  <2024/02/02> (tvz,hv)
\pst@dima=\dimen267
\pst@dimb=\dimen268
\pst@dimc=\dimen269
\pst@dimd=\dimen270
\pst@dimg=\dimen271
\pst@dimh=\dimen272
\pst@dimm=\dimen273
\pst@dimn=\dimen274
\pst@dimo=\dimen275
\pst@dimp=\dimen276
\pst@hbox=\box65
\pst@ibox=\box66
\pst@boxg=\box67
\pst@cnta=\count305
\pst@cntb=\count306
\pst@cntc=\count307
\pst@cntd=\count308
\pst@cntg=\count309
\pst@cnth=\count310
\pst@cntm=\count311
\pst@cntn=\count312
\pst@cnto=\count313
\pst@cntp=\count314
\@zero=\count315
\pst@toks=\toks39
--- We are running latex or xelatex ---
(C:\Program Files\MiKTeX\tex/generic/pstricks\pstricks.con) (C:\Program Files\MiKTeX\tex/generic/pstricks\pstricks-color.tex)
\psunit=\dimen277
\psxunit=\dimen278
\psyunit=\dimen279
\pst@C@@rType=\count316
\pslinewidth=\dimen280
\psk@startLW=\dimen281
\psk@endLW=\dimen282
 (C:\Program Files\MiKTeX\tex/generic/pstricks\pstricks-arrows.tex
\pshooklength=\dimen283
\pshookwidth=\dimen284
)
\pst@customdefs=\toks40
 (C:\Program Files\MiKTeX\tex/generic/pstricks\pstricks-dots.tex)
\pslinearc=\dimen285
\pst@symbolStep=\dimen286
\pst@symbolWidth=\dimen287
\pst@symbolLinewidth=\dimen288
\everypsbox=\toks41
\psframesep=\dimen289
\pslabelsep=\dimen290
\sh@wgridXunit=\dimen291
\sh@wgridYunit=\dimen292
\pst@shift=\dimen293
\ps@imagectr=\count317
 (C:\Program Files\MiKTeX\tex/generic/pstricks\pstricks.con))
File: pstricks.tex 2024/02/02 v3.19c `PSTricks' (tvz,hv)
 (C:\Program Files\MiKTeX\tex/generic/pstricks\pst-fp.tex `pst-fp' v0.06, 2020/11/20 (hv))
File: pst-fp.tex 2020/11/20 v0.06 `PST-fp' (hv)
) (C:\Program Files\MiKTeX\tex/latex/pst-plot\pst-plot.sty
Package: pst-plot 2011/06/05 v1.00 LaTeX wrapper for `pst-plot' (HV)
 (C:\Program Files\MiKTeX\tex/latex/xkeyval\pst-xkey.sty
Package: pst-xkey 2005/11/25 v1.6 package wrapper for pst-xkey.tex (HA)
) (C:\Program Files\MiKTeX\tex/latex/multido\multido.sty
Package: multido 2004/05/17 package wrapper for PSTricks `multido.tex', (HV/RN)
 (C:\Program Files\MiKTeX\tex/generic/multido\multido.tex  v1.42, 2010/05/14 <tvz>
\multido@count=\count318
\multidocount=\count319
\multido@stuff=\toks42
)
File: multido.tex 2010/05/14 v1.42 `multido' (tvz,hv)
)
Package: pst-plot 2021/09/23 package wrapper for pst-plot.tex (hv)
 (C:\Program Files\MiKTeX\tex/generic/pst-plot\pst-plot.tex (C:\Program Files\MiKTeX\tex/generic/pst-tools\pst-tools.tex `PST-tools' v0.12, 2021/09/23 (hv)
\randomi=\count320
\ranval=\count321
) (C:\Program Files\MiKTeX\tex/generic/pstricks-add\pstricks-add.tex (C:\Program Files\MiKTeX\tex/generic/pst-node\pst-node.tex  v1.43, 2022/01/31
\psrow=\count322
\pscol=\count323
\psmatrixcnt=\count324
\psrowsep=\skip52
\pscolsep=\skip53
\pst@args=\count325
\num@pts=\count326
\pst@argcnt=\count327
) (C:\Program Files\MiKTeX\tex/generic/pst-arrow\pst-arrow.tex `pst-arrow' v0.05, 2021/11/16 (dr,hv)) (C:\Program Files\MiKTeX\tex/generic/pst-3d\pst-3d.tex `PST-3d' v1.11, 2010/02/14 (tvz)) (C:\Program Files\MiKTeX\tex/generic/pst-math\pst-math.tex `pst-math' v0.67 , (CJ,hv)) `pstricks-add' v3.94, 2023/04/17 (dr,hv)
\psparallelogramsep=\dimen294
\pst@cntC=\count328
\pst@stepcount=\count329
\chart@ColorIndex=\dimen295
\chart@ColorStep=\dimen296
\pst@chartHeight=\dimen297
\pst@chartStackDepth=\dimen298
\pst@chartStackWidth=\dimen299
\chart@Toggle=\count330
\psVectorCtr=\count331
)  v1.94, 2022/11/21 (tvz,hv)
\pstRadUnit=\dimen300
\pstRadUnitInv=\dimen301
\pst@linecnt=\count332
\RCD@file=\read5
\psxlabelsep=\dimen302
\psylabelsep=\dimen303
\psk@subticksize=\dimen304
\pst@xticksizeA=\dimen305
\pst@xticksizeB=\dimen306
\pst@xticksizeC=\dimen307
\pst@yticksizeA=\dimen308
\pst@yticksizeB=\dimen309
\pst@yticksizeC=\dimen310
\@digitcounter=\count333
\psk@llx=\dimen311
\psk@lly=\dimen312
\psk@urx=\dimen313
\psk@ury=\dimen314
\pst@xunit=\dimen315
\pst@yunit=\dimen316
)
File: pst-plot.tex 2022/11/21 1.94 `pst-plot' (tvz,hv)
) (C:\Program Files\MiKTeX\tex/latex/pst-node\pst-node.sty
Package: pst-node 2012/09/18 v1.01 LaTeX wrapper for `pst-node' (HV)
Package: pst-node 2010/04/22 package wrapper for pst-node.tex
 (C:\Program Files\MiKTeX\tex/generic/pst-node\pst-node.tex)
File: pst-node.tex 2022/11/21 1.94 `pst-node' (tvz,hv)
) (C:\Program Files\MiKTeX\tex/latex/pst-tree\pst-tree.sty
Package: pst-tree 2009/01/25 package wrapper for pst-tree.tex
 (C:\Program Files\MiKTeX\tex/generic/pst-tree\pst-tree.tex  v1.14, 2021/09/04(tvz,dg,hv)
\pstree@rootbox=\box68
\pstree@box=\box69
\psnodecnt=\count334
\pstreelevel=\count335
\pstreecnt=\count336
\pstree@cnt=\count337
\pstree@stop=\count338
)
File: pst-tree.tex 2021/09/04 1.14 `pst-tree' (tvz,hv)
) (C:\Program Files\MiKTeX\tex/latex/pst-grad\pst-grad.sty
Package: pst-grad 2004/07/15 package wrapper for pst-grad.tex (hv)
 (C:\Program Files\MiKTeX\tex/generic/pst-grad\pst-grad.tex `pst-grad' v1.06, 2006/11/27 (tvz,dg,hv))
File: pst-grad.tex 2006/11/27 1.06 `pst-grad' (tvz)
) (C:\Program Files\MiKTeX\tex/latex/pst-coil\pst-coil.sty
Package: pst-coil 2010/02/01 package wrapper for pst-coil.tex (hv)
 (C:\Program Files\MiKTeX\tex/generic/pst-coil\pst-coil.tex  v1.06, 2006/11/27 (C:\Program Files\MiKTeX\tex/generic/pst-node\pst-node.tex))
File: pst-coil.tex 2015/05/13 v1.07 `PST-coil' (tvz,hv)
) (C:\Program Files\MiKTeX\tex/latex/pst-text\pst-text.sty
Package: pst-text 2018/12/28 package wrapper for pst-text.tex (hv)
 (C:\Program Files\MiKTeX\tex/generic/pst-text\pst-text.tex  v1.01, 2018/12/22(tvz,hv))
File: pst-text.tex 2018/12/22 1.01 `pst-text' (tvz)
) (C:\Program Files\MiKTeX\tex/latex/pst-3d\pst-3d.sty
Package: pst-3d 2009/07/28 package wrapper for pst-3d.tex (hv)
 (C:\Program Files\MiKTeX\tex/generic/pst-3d\pst-3d.tex)
File: pst-3d.tex 2018/12/22 v1.01 `PST-3d' (hv)
) (C:\Program Files\MiKTeX\tex/latex/pst-eps\pst-eps.sty
Package: pst-eps 2005/05/20 package wrapper for pst-eps.tex (hv)
 (C:\Program Files\MiKTeX\tex/generic/pst-eps\pst-eps.tex  v1.00, 2006/11/04
\pst@epsout=\write4
\pst@tempout=\write5
)
File: pst-eps.tex 2006/11/04 1.00 `pst-eps' (tvz)
) (C:\Program Files\MiKTeX\tex/latex/pst-fill\pst-fill.sty
Package: pst-fill 2010/03/20 package wrapper for pst-fill.tex (hv)
 (C:\Program Files\MiKTeX\tex/generic/pst-fill\pst-fill.tex `PST-Fill' v1.02, 2021/10/01 (tvz,dg,hv)
\pst@fillbox=\box70
)
File: pst-fill.tex 2021/10/01 v1.02 `PST-fill' (tvz,dg,hv)
) (C:\Program Files\MiKTeX\tex/latex/pstricks-add\pstricks-add.sty (C:\Program Files\MiKTeX\tex/latex/pst-math\pst-math.sty
Package: pst-math 2023/07/03 v 0.67 package wrapper for PSTricks pst-math.tex
 (C:\Program Files\MiKTeX\tex/latex/pst-calculate\pst-calculate.sty
Package: pst-calculate 2019/01/24 v. 0.02(Herbert Voss) Support for caculations with floating point numbers.
 (C:\Program Files\MiKTeX\tex/latex/l3packages/xparse\xparse.sty
Package: xparse 2024-03-14 L3 Experimental document command parser
) (C:\Program Files\MiKTeX\tex/latex/siunitx\siunitx.sty
Package: siunitx 2024-02-15 v3.3.12 A comprehensive (SI) units package
\l__siunitx_number_uncert_offset_int=\count339
\l__siunitx_number_exponent_fixed_int=\count340
\l__siunitx_number_min_decimal_int=\count341
\l__siunitx_number_min_integer_int=\count342
\l__siunitx_number_round_precision_int=\count343
\l__siunitx_number_lower_threshold_int=\count344
\l__siunitx_number_upper_threshold_int=\count345
\l__siunitx_number_group_first_int=\count346
\l__siunitx_number_group_size_int=\count347
\l__siunitx_number_group_minimum_int=\count348
\l__siunitx_angle_tmp_dim=\dimen317
\l__siunitx_angle_marker_box=\box71
\l__siunitx_angle_unit_box=\box72
\l__siunitx_compound_count_int=\count349
 (C:\Program Files\MiKTeX\tex/latex/translations\translations.sty
Package: translations 2022/02/05 v1.12 internationalization of LaTeX2e packages (CN)
 (C:\Program Files\MiKTeX\tex/latex/etoolbox\etoolbox.sty
Package: etoolbox 2020/10/05 v2.5k e-TeX tools for LaTeX (JAW)
\etb@tempcnta=\count350
) (C:\Program Files\MiKTeX\tex/generic/pdftexcmds\pdftexcmds.sty
Package: pdftexcmds 2020-06-27 v0.33 Utility functions of pdfTeX for LuaTeX (HO)
 (C:\Program Files\MiKTeX\tex/generic/infwarerr\infwarerr.sty
Package: infwarerr 2019/12/03 v1.5 Providing info/warning/error messages (HO)
) (C:\Program Files\MiKTeX\tex/generic/ltxcmds\ltxcmds.sty
Package: ltxcmds 2023-12-04 v1.26 LaTeX kernel commands for general use (HO)
)
Package pdftexcmds Info: \pdf@primitive is available.
Package pdftexcmds Info: \pdf@ifprimitive is available.
Package pdftexcmds Info: \pdfdraftmode found.
)) (C:\Program Files\MiKTeX\tex/latex/amsmath\amstext.sty
Package: amstext 2021/08/26 v2.01 AMS text
 (C:\Program Files\MiKTeX\tex/latex/amsmath\amsgen.sty
File: amsgen.sty 1999/11/30 v2.0 generic functions
\@emptytoks=\toks43
\ex@=\dimen318
))
\l__siunitx_table_tmp_box=\box73
\l__siunitx_table_tmp_dim=\dimen319
\l__siunitx_table_column_width_dim=\dimen320
\l__siunitx_table_integer_box=\box74
\l__siunitx_table_decimal_box=\box75
\l__siunitx_table_uncert_box=\box76
\l__siunitx_table_before_box=\box77
\l__siunitx_table_after_box=\box78
\l__siunitx_table_before_dim=\dimen321
\l__siunitx_table_carry_dim=\dimen322
\l__siunitx_unit_tmp_int=\count351
\l__siunitx_unit_position_int=\count352
\l__siunitx_unit_total_int=\count353
 (C:\Program Files\MiKTeX\tex/latex/tools\array.sty
Package: array 2023/10/16 v2.5g Tabular extension package (FMi)
\col@sep=\dimen323
\ar@mcellbox=\box79
\extrarowheight=\dimen324
\NC@list=\toks44
\extratabsurround=\skip54
\backup@length=\skip55
\ar@cellbox=\box80
))) (C:\Program Files\MiKTeX\tex/generic/iftex\ifluatex.sty
Package: ifluatex 2019/10/25 v1.5 ifluatex legacy package. Use iftex instead.
) (C:\Program Files\MiKTeX\tex/latex/xstring\xstring.sty (C:\Program Files\MiKTeX\tex/generic/xstring\xstring.tex
\xs_counta=\count354
\xs_countb=\count355
)
Package: xstring 2023/08/22 v1.86 String manipulations (CT)
) (C:\Program Files\MiKTeX\tex/generic/pst-math\pst-math.tex)
File: pst-math.tex 2021/10/01 v1.02 `PST-math' (hv)
\c@Rand@No=\count356
\c@Random@Left=\count357
\c@Random@Right=\count358
\c@Random@No@max=\count359
)
Package: pstricks-add 2021/09/10 v. 0.17 package wrapper for pstricks-add.tex (hv)
 (C:\Program Files\MiKTeX\tex/generic/pstricks-add\pstricks-add.tex)
File: pstricks-add.tex 2021/10/01 v1.02 `PSTricks-add' (hv)
)) (C:\Program Files\MiKTeX\tex/latex/wrapfig\wrapfig.sty
\wrapoverhang=\dimen325
\WF@size=\dimen326
\c@WF@wrappedlines=\count360
\WF@box=\box81
\WF@everypar=\toks45
Package: wrapfig 2003/01/31  v 3.6
) (C:\Program Files\MiKTeX\tex/latex/mathtools\mathtools.sty
Package: mathtools 2024/03/11 v1.30 mathematical typesetting tools
 (C:\Program Files\MiKTeX\tex/latex/tools\calc.sty
Package: calc 2023/07/08 v4.3 Infix arithmetic (KKT,FJ)
\calc@Acount=\count361
\calc@Bcount=\count362
\calc@Adimen=\dimen327
\calc@Bdimen=\dimen328
\calc@Askip=\skip56
\calc@Bskip=\skip57
LaTeX Info: Redefining \setlength on input line 80.
LaTeX Info: Redefining \addtolength on input line 81.
\calc@Ccount=\count363
\calc@Cskip=\skip58
) (C:\Program Files\MiKTeX\tex/latex/mathtools\mhsetup.sty
Package: mhsetup 2021/03/18 v1.4 programming setup (MH)
) (C:\Program Files\MiKTeX\tex/latex/amsmath\amsmath.sty
Package: amsmath 2023/05/13 v2.17o AMS math features
\@mathmargin=\skip59

For additional information on amsmath, use the `?' option.
(C:\Program Files\MiKTeX\tex/latex/amsmath\amsbsy.sty
Package: amsbsy 1999/11/29 v1.2d Bold Symbols
\pmbraise@=\dimen329
) (C:\Program Files\MiKTeX\tex/latex/amsmath\amsopn.sty
Package: amsopn 2022/04/08 v2.04 operator names
)
\inf@bad=\count364
LaTeX Info: Redefining \frac on input line 234.
\uproot@=\count365
\leftroot@=\count366
LaTeX Info: Redefining \overline on input line 399.
LaTeX Info: Redefining \colon on input line 410.
\classnum@=\count367
\DOTSCASE@=\count368
LaTeX Info: Redefining \ldots on input line 496.
LaTeX Info: Redefining \dots on input line 499.
LaTeX Info: Redefining \cdots on input line 620.
\Mathstrutbox@=\box82
\strutbox@=\box83
LaTeX Info: Redefining \big on input line 722.
LaTeX Info: Redefining \Big on input line 723.
LaTeX Info: Redefining \bigg on input line 724.
LaTeX Info: Redefining \Bigg on input line 725.
\big@size=\dimen330
LaTeX Font Info:    Redeclaring font encoding OML on input line 743.
LaTeX Font Info:    Redeclaring font encoding OMS on input line 744.
\macc@depth=\count369
LaTeX Info: Redefining \bmod on input line 905.
LaTeX Info: Redefining \pmod on input line 910.
LaTeX Info: Redefining \smash on input line 940.
LaTeX Info: Redefining \relbar on input line 970.
LaTeX Info: Redefining \Relbar on input line 971.
\c@MaxMatrixCols=\count370
\dotsspace@=\muskip16
\c@parentequation=\count371
\dspbrk@lvl=\count372
\tag@help=\toks46
\row@=\count373
\column@=\count374
\maxfields@=\count375
\andhelp@=\toks47
\eqnshift@=\dimen331
\alignsep@=\dimen332
\tagshift@=\dimen333
\tagwidth@=\dimen334
\totwidth@=\dimen335
\lineht@=\dimen336
\@envbody=\toks48
\multlinegap=\skip60
\multlinetaggap=\skip61
\mathdisplay@stack=\toks49
LaTeX Info: Redefining \[ on input line 2953.
LaTeX Info: Redefining \] on input line 2954.
)
\g_MT_multlinerow_int=\count376
\l_MT_multwidth_dim=\dimen337
\origjot=\skip62
\l_MT_shortvdotswithinadjustabove_dim=\dimen338
\l_MT_shortvdotswithinadjustbelow_dim=\dimen339
\l_MT_above_intertext_sep=\dimen340
\l_MT_below_intertext_sep=\dimen341
\l_MT_above_shortintertext_sep=\dimen342
\l_MT_below_shortintertext_sep=\dimen343
\xmathstrut@box=\box84
\xmathstrut@dim=\dimen344
) (C:\Program Files\MiKTeX\tex/latex/amsfonts\amssymb.sty
Package: amssymb 2013/01/14 v3.01 AMS font symbols
 (C:\Program Files\MiKTeX\tex/latex/amsfonts\amsfonts.sty
Package: amsfonts 2013/01/14 v3.01 Basic AMSFonts support
\symAMSa=\mathgroup4
\symAMSb=\mathgroup5
LaTeX Font Info:    Redeclaring math symbol \hbar on input line 98.
LaTeX Font Info:    Overwriting math alphabet `\mathfrak' in version `bold'
(Font)                  U/euf/m/n --> U/euf/b/n on input line 106.
)) (C:\Program Files\MiKTeX\tex/latex/cancel\cancel.sty
Package: cancel 2013/04/12 v2.2 Cancel math terms
) (C:\Program Files\MiKTeX\tex/latex/esvect\esvect.sty
Package: esvect 
\symesvector=\mathgroup6
) (C:\Program Files\MiKTeX\tex/latex/multirow\multirow.sty
Package: multirow 2021/03/15 v2.8 Span multiple rows of a table
\multirow@colwidth=\skip63
\multirow@cntb=\count377
\multirow@dima=\skip64
\bigstrutjot=\dimen345
) (C:\Program Files\MiKTeX\tex/latex/diagbox\diagbox.sty
Package: diagbox 2020/02/09 v2.3 Making table heads with diagonal lines
 (C:\Program Files\MiKTeX\tex/latex/pict2e\pict2e.sty
Package: pict2e 2020/09/30 v0.4b Improved picture commands (HjG,RN,JT)
 (C:\Program Files\MiKTeX\tex/latex/pict2e\pict2e.cfg
File: pict2e.cfg 2016/02/05 v0.1u pict2e configuration for teTeX/TeXLive
)
Package pict2e Info: Driver file: pdftex.def on input line 112.
Package pict2e Info: Driver file for pict2e: p2e-pdftex.def on input line 114.
 (C:\Program Files\MiKTeX\tex/latex/pict2e\p2e-pdftex.def
File: p2e-pdftex.def 2016/02/05 v0.1u Driver-dependant file (RN,HjG,JT)
)
\pIIe@GRAPH=\toks50
\@arclen=\dimen346
\@arcrad=\dimen347
\pIIe@tempdima=\dimen348
\pIIe@tempdimb=\dimen349
\pIIe@tempdimc=\dimen350
\pIIe@tempdimd=\dimen351
\pIIe@tempdime=\dimen352
\pIIe@tempdimf=\dimen353
)
\diagbox@boxa=\box85
\diagbox@boxb=\box86
\diagbox@boxm=\box87
\diagbox@wd=\dimen354
\diagbox@ht=\dimen355
\diagbox@insepl=\dimen356
\diagbox@insepr=\dimen357
\diagbox@outsepl=\dimen358
\diagbox@outsepr=\dimen359
) (C:\Program Files\MiKTeX\tex/latex/listings\listings.sty
\lst@mode=\count378
\lst@gtempboxa=\box88
\lst@token=\toks51
\lst@length=\count379
\lst@currlwidth=\dimen360
\lst@column=\count380
\lst@pos=\count381
\lst@lostspace=\dimen361
\lst@width=\dimen362
\lst@newlines=\count382
\lst@lineno=\count383
\lst@maxwidth=\dimen363
 (C:\Program Files\MiKTeX\tex/latex/listings\lstpatch.sty
File: lstpatch.sty 2024/03/11 1.10a (Carsten Heinz)
) (C:\Program Files\MiKTeX\tex/latex/listings\lstmisc.sty
File: lstmisc.sty 2024/03/11 1.10a (Carsten Heinz)
\c@lstnumber=\count384
\lst@skipnumbers=\count385
\lst@framebox=\box89
) (C:\Program Files\MiKTeX\tex/latex/listings\listings.cfg
File: listings.cfg 2024/03/11 1.10a listings configuration
))
Package: listings 2024/03/11 1.10a (Carsten Heinz)
 (C:\Program Files\MiKTeX\tex/latex/enumitem\enumitem.sty
Package: enumitem 2019/06/20 v3.9 Customized lists
\labelindent=\skip65
\enit@outerparindent=\dimen364
\enit@toks=\toks52
\enit@inbox=\box90
\enit@count@id=\count386
\enitdp@description=\count387
) (C:\Program Files\MiKTeX\tex/latex/caption\subcaption.sty
Package: subcaption 2023/07/28 v1.6b Sub-captions (AR)
 (C:\Program Files\MiKTeX\tex/latex/caption\caption.sty
Package: caption 2023/08/05 v3.6o Customizing captions (AR)
 (C:\Program Files\MiKTeX\tex/latex/caption\caption3.sty
Package: caption3 2023/07/31 v2.4d caption3 kernel (AR)
\caption@tempdima=\dimen365
\captionmargin=\dimen366
\caption@leftmargin=\dimen367
\caption@rightmargin=\dimen368
\caption@width=\dimen369
\caption@indent=\dimen370
\caption@parindent=\dimen371
\caption@hangindent=\dimen372
Package caption Info: Standard document class detected.
)
\c@caption@flags=\count388
\c@continuedfloat=\count389
Package caption Info: listings package is loaded.
Package caption Info: sidecap package is loaded.
Package caption Info: wrapfig package is loaded.
)
Package caption Info: New subtype `subfigure' on input line 238.
\c@subfigure=\count390
Package caption Info: New subtype `subtable' on input line 238.
\c@subtable=\count391
) (C:\Program Files\MiKTeX\tex/latex/float\float.sty
Package: float 2001/11/08 v1.3d Float enhancements (AL)
\c@float@type=\count392
\float@exts=\toks53
\float@box=\box91
\@float@everytoks=\toks54
\@floatcapt=\box92
) (C:\Program Files\MiKTeX\tex/latex/tabu\tabu.sty
Package: tabu 2019/01/11 v2.9 - flexible LaTeX tabulars (FC+tabu-fixed)
 (C:\Program Files\MiKTeX\tex/latex/varwidth\varwidth.sty
Package: varwidth 2009/03/30 ver 0.92;  Variable-width minipages
\@vwid@box=\box93
\sift@deathcycles=\count393
\@vwid@loff=\dimen373
\@vwid@roff=\dimen374
)
\c@taburow=\count394
\tabu@nbcols=\count395
\tabu@cnt=\count396
\tabu@Xcol=\count397
\tabu@alloc=\count398
\tabu@nested=\count399
\tabu@target=\dimen375
\tabu@spreadtarget=\dimen376
\tabu@naturalX=\dimen377
\tabucolX=\dimen378
\tabu@Xsum=\dimen379
\extrarowdepth=\dimen380
\abovetabulinesep=\dimen381
\belowtabulinesep=\dimen382
\tabustrutrule=\dimen383
\tabu@thebody=\toks55
\tabu@footnotes=\toks56
\tabu@box=\box94
\tabu@arstrutbox=\box95
\tabu@hleads=\box96
\tabu@vleads=\box97
\tabu@cellskip=\skip66
) (C:\Program Files\MiKTeX\tex/latex/tools\multicol.sty
Package: multicol 2023/03/30 v1.9f multicolumn formatting (FMi)
\c@tracingmulticols=\count400
\mult@box=\box98
\multicol@leftmargin=\dimen384
\c@unbalance=\count401
\c@collectmore=\count402
\doublecol@number=\count403
\multicoltolerance=\count404
\multicolpretolerance=\count405
\full@width=\dimen385
\page@free=\dimen386
\premulticols=\dimen387
\postmulticols=\dimen388
\multicolsep=\skip67
\multicolbaselineskip=\skip68
\partial@page=\box99
\last@line=\box100
\mc@boxedresult=\box101
\maxbalancingoverflow=\dimen389
\mult@rightbox=\box102
\mult@grightbox=\box103
\mult@firstbox=\box104
\mult@gfirstbox=\box105
\@tempa=\box106
\@tempa=\box107
\@tempa=\box108
\@tempa=\box109
\@tempa=\box110
\@tempa=\box111
\@tempa=\box112
\@tempa=\box113
\@tempa=\box114
\@tempa=\box115
\@tempa=\box116
\@tempa=\box117
\@tempa=\box118
\@tempa=\box119
\@tempa=\box120
\@tempa=\box121
\@tempa=\box122
\@tempa=\box123
\@tempa=\box124
\@tempa=\box125
\@tempa=\box126
\@tempa=\box127
\@tempa=\box128
\@tempa=\box129
\@tempa=\box130
\@tempa=\box131
\@tempa=\box132
\@tempa=\box133
\@tempa=\box134
\@tempa=\box135
\@tempa=\box136
\@tempa=\box137
\@tempa=\box138
\@tempa=\box139
\@tempa=\box140
\@tempa=\box141
\c@minrows=\count406
\c@columnbadness=\count407
\c@finalcolumnbadness=\count408
\last@try=\dimen390
\multicolovershoot=\dimen391
\multicolundershoot=\dimen392
\mult@nat@firstbox=\box142
\colbreak@box=\box143
\mc@col@check@num=\count409
) (C:\Program Files\MiKTeX\tex/latex/hyperref\hyperref.sty
Package: hyperref 2024-01-20 v7.01h Hypertext links for LaTeX
 (C:\Program Files\MiKTeX\tex/latex/kvsetkeys\kvsetkeys.sty
Package: kvsetkeys 2022-10-05 v1.19 Key value parser (HO)
) (C:\Program Files\MiKTeX\tex/generic/kvdefinekeys\kvdefinekeys.sty
Package: kvdefinekeys 2019-12-19 v1.6 Define keys (HO)
) (C:\Program Files\MiKTeX\tex/generic/pdfescape\pdfescape.sty
Package: pdfescape 2019/12/09 v1.15 Implements pdfTeX's escape features (HO)
) (C:\Program Files\MiKTeX\tex/latex/hycolor\hycolor.sty
Package: hycolor 2020-01-27 v1.10 Color options for hyperref/bookmark (HO)
) (C:\Program Files\MiKTeX\tex/latex/auxhook\auxhook.sty
Package: auxhook 2019-12-17 v1.6 Hooks for auxiliary files (HO)
) (C:\Program Files\MiKTeX\tex/latex/hyperref\nameref.sty
Package: nameref 2023-11-26 v2.56 Cross-referencing by name of section
 (C:\Program Files\MiKTeX\tex/latex/refcount\refcount.sty
Package: refcount 2019/12/15 v3.6 Data extraction from label references (HO)
) (C:\Program Files\MiKTeX\tex/generic/gettitlestring\gettitlestring.sty
Package: gettitlestring 2019/12/15 v1.6 Cleanup title references (HO)
 (C:\Program Files\MiKTeX\tex/latex/kvoptions\kvoptions.sty
Package: kvoptions 2022-06-15 v3.15 Key value format for package options (HO)
))
\c@section@level=\count410
)
\@linkdim=\dimen393
\Hy@linkcounter=\count411
\Hy@pagecounter=\count412
 (C:\Program Files\MiKTeX\tex/latex/hyperref\pd1enc.def
File: pd1enc.def 2024-01-20 v7.01h Hyperref: PDFDocEncoding definition (HO)
Now handling font encoding PD1 ...
... no UTF-8 mapping file for font encoding PD1
) (C:\Program Files\MiKTeX\tex/generic/intcalc\intcalc.sty
Package: intcalc 2019/12/15 v1.3 Expandable calculations with integers (HO)
)
\Hy@SavedSpaceFactor=\count413
 (C:\Program Files\MiKTeX\tex/latex/hyperref\puenc.def
File: puenc.def 2024-01-20 v7.01h Hyperref: PDF Unicode definition (HO)
Now handling font encoding PU ...
... no UTF-8 mapping file for font encoding PU
)
Package hyperref Info: Hyper figures OFF on input line 4179.
Package hyperref Info: Link nesting OFF on input line 4184.
Package hyperref Info: Hyper index ON on input line 4187.
Package hyperref Info: Plain pages OFF on input line 4194.
Package hyperref Info: Backreferencing OFF on input line 4199.
Package hyperref Info: Implicit mode ON; LaTeX internals redefined.
Package hyperref Info: Bookmarks ON on input line 4446.
\c@Hy@tempcnt=\count414
 (C:\Program Files\MiKTeX\tex/latex/url\url.sty
\Urlmuskip=\muskip17
Package: url 2013/09/16  ver 3.4  Verb mode for urls, etc.
)
LaTeX Info: Redefining \url on input line 4784.
\XeTeXLinkMargin=\dimen394
 (C:\Program Files\MiKTeX\tex/generic/bitset\bitset.sty
Package: bitset 2019/12/09 v1.3 Handle bit-vector datatype (HO)
 (C:\Program Files\MiKTeX\tex/generic/bigintcalc\bigintcalc.sty
Package: bigintcalc 2019/12/15 v1.5 Expandable calculations on big integers (HO)
))
\Fld@menulength=\count415
\Field@Width=\dimen395
\Fld@charsize=\dimen396
Package hyperref Info: Hyper figures OFF on input line 6063.
Package hyperref Info: Link nesting OFF on input line 6068.
Package hyperref Info: Hyper index ON on input line 6071.
Package hyperref Info: backreferencing OFF on input line 6078.
Package hyperref Info: Link coloring OFF on input line 6083.
Package hyperref Info: Link coloring with OCG OFF on input line 6088.
Package hyperref Info: PDF/A mode OFF on input line 6093.
 (C:\Program Files\MiKTeX\tex/latex/base\atbegshi-ltx.sty
Package: atbegshi-ltx 2021/01/10 v1.0c Emulation of the original atbegshi
package with kernel methods
)
\Hy@abspage=\count416
\c@Item=\count417
\c@Hfootnote=\count418
)
Package hyperref Info: Driver (autodetected): hpdftex.
 (C:\Program Files\MiKTeX\tex/latex/hyperref\hpdftex.def
File: hpdftex.def 2024-01-20 v7.01h Hyperref driver for pdfTeX
 (C:\Program Files\MiKTeX\tex/latex/base\atveryend-ltx.sty
Package: atveryend-ltx 2020/08/19 v1.0a Emulation of the original atveryend package
with kernel methods
)
\Fld@listcount=\count419
\c@bookmark@seq@number=\count420
 (C:\Program Files\MiKTeX\tex/latex/rerunfilecheck\rerunfilecheck.sty
Package: rerunfilecheck 2022-07-10 v1.10 Rerun checks for auxiliary files (HO)
 (C:\Program Files\MiKTeX\tex/generic/uniquecounter\uniquecounter.sty
Package: uniquecounter 2019/12/15 v1.4 Provide unlimited unique counter (HO)
)
Package uniquecounter Info: New unique counter `rerunfilecheck' on input line 285.
)
\Hy@SectionHShift=\skip69
) (C:\Program Files\MiKTeX\tex/latex/biblatex\biblatex.sty
Package: biblatex 2024/03/21 v3.20 programmable bibliographies (PK/MW)
 (C:\Program Files\MiKTeX\tex/latex/logreq\logreq.sty
Package: logreq 2010/08/04 v1.0 xml request logger
\lrq@indent=\count421
 (C:\Program Files\MiKTeX\tex/latex/logreq\logreq.def
File: logreq.def 2010/08/04 v1.0 logreq spec v1.0
))
\c@tabx@nest=\count422
\c@listtotal=\count423
\c@listcount=\count424
\c@liststart=\count425
\c@liststop=\count426
\c@citecount=\count427
\c@citetotal=\count428
\c@multicitecount=\count429
\c@multicitetotal=\count430
\c@instcount=\count431
\c@maxnames=\count432
\c@minnames=\count433
\c@maxitems=\count434
\c@minitems=\count435
\c@citecounter=\count436
\c@maxcitecounter=\count437
\c@savedcitecounter=\count438
\c@uniquelist=\count439
\c@uniquename=\count440
\c@refsection=\count441
\c@refsegment=\count442
\c@maxextratitle=\count443
\c@maxextratitleyear=\count444
\c@maxextraname=\count445
\c@maxextradate=\count446
\c@maxextraalpha=\count447
\c@abbrvpenalty=\count448
\c@highnamepenalty=\count449
\c@lownamepenalty=\count450
\c@maxparens=\count451
\c@parenlevel=\count452
\blx@tempcnta=\count453
\blx@tempcntb=\count454
\blx@tempcntc=\count455
\c@blx@maxsection=\count456
\blx@maxsegment@0=\count457
\blx@notetype=\count458
\blx@parenlevel@text=\count459
\blx@parenlevel@foot=\count460
\blx@sectionciteorder@0=\count461
\blx@sectionciteorderinternal@0=\count462
\blx@entrysetcounter=\count463
\blx@biblioinstance=\count464
\labelnumberwidth=\skip70
\labelalphawidth=\skip71
\biblabelsep=\skip72
\bibitemsep=\skip73
\bibnamesep=\skip74
\bibinitsep=\skip75
\bibparsep=\skip76
\bibhang=\skip77
\blx@bcfin=\read6
\blx@bcfout=\write6
\blx@langwohyphens=\language80
\c@mincomprange=\count465
\c@maxcomprange=\count466
\c@mincompwidth=\count467
Package biblatex Info: Trying to load biblatex default data model...
Package biblatex Info: ... file 'blx-dm.def' found.
 (C:\Program Files\MiKTeX\tex/latex/biblatex\blx-dm.def
File: blx-dm.def 2024/03/21 v3.20 biblatex datamodel (PK/MW)
)
Package biblatex Info: Trying to load biblatex style data model...
Package biblatex Info: ... file 'authoryear.dbx' not found.
Package biblatex Info: Trying to load biblatex custom data model...
Package biblatex Info: ... file 'biblatex-dm.cfg' not found.
\c@afterword=\count468
\c@savedafterword=\count469
\c@annotator=\count470
\c@savedannotator=\count471
\c@author=\count472
\c@savedauthor=\count473
\c@bookauthor=\count474
\c@savedbookauthor=\count475
\c@commentator=\count476
\c@savedcommentator=\count477
\c@editor=\count478
\c@savededitor=\count479
\c@editora=\count480
\c@savededitora=\count481
\c@editorb=\count482
\c@savededitorb=\count483
\c@editorc=\count484
\c@savededitorc=\count485
\c@foreword=\count486
\c@savedforeword=\count487
\c@holder=\count488
\c@savedholder=\count489
\c@introduction=\count490
\c@savedintroduction=\count491
\c@namea=\count492
\c@savednamea=\count493
\c@nameb=\count494
\c@savednameb=\count495
\c@namec=\count496
\c@savednamec=\count497
\c@translator=\count498
\c@savedtranslator=\count499
\c@shortauthor=\count500
\c@savedshortauthor=\count501
\c@shorteditor=\count502
\c@savedshorteditor=\count503
\c@labelname=\count504
\c@savedlabelname=\count505
\c@institution=\count506
\c@savedinstitution=\count507
\c@lista=\count508
\c@savedlista=\count509
\c@listb=\count510
\c@savedlistb=\count511
\c@listc=\count512
\c@savedlistc=\count513
\c@listd=\count514
\c@savedlistd=\count515
\c@liste=\count516
\c@savedliste=\count517
\c@listf=\count518
\c@savedlistf=\count519
\c@location=\count520
\c@savedlocation=\count521
\c@organization=\count522
\c@savedorganization=\count523
\c@origlocation=\count524
\c@savedoriglocation=\count525
\c@origpublisher=\count526
\c@savedorigpublisher=\count527
\c@publisher=\count528
\c@savedpublisher=\count529
\c@language=\count530
\c@savedlanguage=\count531
\c@origlanguage=\count532
\c@savedoriglanguage=\count533
\c@pageref=\count534
\c@savedpageref=\count535
\shorthandwidth=\skip78
\shortjournalwidth=\skip79
\shortserieswidth=\skip80
\shorttitlewidth=\skip81
\shortauthorwidth=\skip82
\shorteditorwidth=\skip83
\locallabelnumberwidth=\skip84
\locallabelalphawidth=\skip85
\localshorthandwidth=\skip86
\localshortjournalwidth=\skip87
\localshortserieswidth=\skip88
\localshorttitlewidth=\skip89
\localshortauthorwidth=\skip90
\localshorteditorwidth=\skip91
Package biblatex Info: Trying to load compatibility code...
Package biblatex Info: ... file 'blx-compat.def' found.
 (C:\Program Files\MiKTeX\tex/latex/biblatex\blx-compat.def
File: blx-compat.def 2024/03/21 v3.20 biblatex compatibility (PK/MW)
)
Package biblatex Info: Trying to load generic definitions...
Package biblatex Info: ... file 'biblatex.def' found.
 (C:\Program Files\MiKTeX\tex/latex/biblatex\biblatex.def
File: biblatex.def 2024/03/21 v3.20 biblatex compatibility (PK/MW)
\c@textcitecount=\count536
\c@textcitetotal=\count537
\c@textcitemaxnames=\count538
\c@biburlbigbreakpenalty=\count539
\c@biburlbreakpenalty=\count540
\c@biburlnumpenalty=\count541
\c@biburlucpenalty=\count542
\c@biburllcpenalty=\count543
\biburlbigskip=\muskip18
\biburlnumskip=\muskip19
\biburlucskip=\muskip20
\biburllcskip=\muskip21
\c@smartand=\count544
)
Package biblatex Info: Trying to load bibliography style 'authoryear'...
Package biblatex Info: ... file 'authoryear.bbx' found.
 (C:\Program Files\MiKTeX\tex/latex/biblatex/bbx\authoryear.bbx
File: authoryear.bbx 2024/03/21 v3.20 biblatex bibliography style (PK/MW)
Package biblatex Info: Trying to load bibliography style 'standard'...
Package biblatex Info: ... file 'standard.bbx' found.
 (C:\Program Files\MiKTeX\tex/latex/biblatex/bbx\standard.bbx
File: standard.bbx 2024/03/21 v3.20 biblatex bibliography style (PK/MW)
\c@bbx:relatedcount=\count545
\c@bbx:relatedtotal=\count546
))
Package biblatex Info: Trying to load citation style 'authoryear'...
Package biblatex Info: ... file 'authoryear.cbx' found.
 (C:\Program Files\MiKTeX\tex/latex/biblatex/cbx\authoryear.cbx
File: authoryear.cbx 2024/03/21 v3.20 biblatex citation style (PK/MW)
Package biblatex Info: Redefining '\cite'.
Package biblatex Info: Redefining '\parencite'.
Package biblatex Info: Redefining '\footcite'.
Package biblatex Info: Redefining '\footcitetext'.
Package biblatex Info: Redefining '\smartcite'.
Package biblatex Info: Redefining '\textcite'.
Package biblatex Info: Redefining '\textcites'.
)
Package biblatex Info: Trying to load configuration file...
Package biblatex Info: ... file 'biblatex.cfg' found.
 (C:\Program Files\MiKTeX\tex/latex/biblatex\biblatex.cfg
File: biblatex.cfg 
)
Package biblatex Info: Input encoding 'utf8' detected.
Package biblatex Info: Document encoding is UTF8 ....
Package biblatex Info: ... and expl3
(biblatex)             2024-03-14 L3 programming layer (loader) 
(biblatex)             is new enough (at least 2020/04/06),
(biblatex)             setting 'casechanger=expl3'.
 (C:\Program Files\MiKTeX\tex/latex/biblatex\blx-case-expl3.sty
Package: blx-case-expl3 2024/03/21 v3.20 expl3 case changing code for biblatex
))
Package hyperref Info: Option `colorlinks' set `true' on input line 115.


Package hyperref Warning: Option `bookmarks' has already been used,
(hyperref)                setting the option has no effect on input line 115.

Package hyperref Info: Option `bookmarksopen' set `true' on input line 115.
(C:\Program Files\MiKTeX\tex/latex/csquotes\csquotes.sty
Package: csquotes 2022-09-14 v5.2n context-sensitive quotations (JAW)
\csq@reset=\count547
\csq@gtype=\count548
\csq@glevel=\count549
\csq@qlevel=\count550
\csq@maxlvl=\count551
\csq@tshold=\count552
\csq@ltx@everypar=\toks57
 (C:\Program Files\MiKTeX\tex/latex/csquotes\csquotes.def
File: csquotes.def 2022-09-14 v5.2n csquotes generic definitions (JAW)
)
Package csquotes Info: Trying to load configuration file 'csquotes.cfg'...
Package csquotes Info: ... configuration file loaded successfully.
 (C:\Program Files\MiKTeX\tex/latex/csquotes\csquotes.cfg
File: csquotes.cfg 
)) (C:\Program Files\MiKTeX\tex/latex/tcolorbox\tcolorbox.sty
Package: tcolorbox 2024/01/10 version 6.2.0 text color boxes
 (C:\Program Files\MiKTeX\tex/latex/environ\environ.sty
Package: environ 2014/05/04 v0.3 A new way to define environments
 (C:\Program Files\MiKTeX\tex/latex/trimspaces\trimspaces.sty
Package: trimspaces 2009/09/17 v1.1 Trim spaces around a token list
))
\tcb@titlebox=\box144
\tcb@upperbox=\box145
\tcb@lowerbox=\box146
\tcb@phantombox=\box147
\c@tcbbreakpart=\count553
\c@tcblayer=\count554
\c@tcolorbox@number=\count555
\l__tcobox_tmpa_box=\box148
\l__tcobox_tmpa_dim=\dimen397
\tcb@temp=\box149
\tcb@temp=\box150
\tcb@temp=\box151
\tcb@temp=\box152
) (C:\Program Files\MiKTeX\tex/latex/fancybox\fancybox.sty
Package: fancybox 2010/05/15 1.4

Style option: `fancybox' v1.4 <2010/05/15> (tvz)
\@fancybox=\box153
\shadowsize=\dimen398
\@Sbox=\box154
\do@VerbBox=\toks58
\the@fancyput=\toks59
\this@fancyput=\toks60
\EndVerbatimTokens=\toks61
\Verbatim@Outfile=\write7
\Verbatim@Infile=\read7
) (C:\Program Files\MiKTeX\tex/latex/colortbl\colortbl.sty
Package: colortbl 2024/02/20 v1.0g Color table columns (DPC)
\everycr=\toks62
\minrowclearance=\skip92
\rownum=\count556
) (C:\Program Files\MiKTeX\tex/latex/stackengine\stackengine.sty
Package: stackengine 2021/07/22 v4.11\ Stacking text and objects in convenient ways
 (C:\Program Files\MiKTeX\tex/latex/listofitems\listofitems.sty (C:\Program Files\MiKTeX\tex/generic/listofitems\listofitems.tex
\loi_cnt_foreach_nest=\count557
\loi_nestcnt=\count558
)
Package: listofitems 2024/03/09 v1.65 Grab items in lists using user-specified sep char (CT)
)
\c@@stackindex=\count559
\@boxshift=\skip93
\stack@tmplength=\skip94
\temp@stkl=\skip95
\@stackedboxwidth=\skip96
\@addedbox=\box155
\@anchorbox=\box156
\@insetbox=\box157
\se@backgroundbox=\box158
\stackedbox=\box159
\@centerbox=\box160
\c@ROWcellindex@=\count560
) (C:\Program Files\MiKTeX\tex/latex/fancyhdr\fancyhdr.sty
Package: fancyhdr 2022/11/09 v4.1 Extensive control of page headers and footers
\f@nch@headwidth=\skip97
\f@nch@O@elh=\skip98
\f@nch@O@erh=\skip99
\f@nch@O@olh=\skip100
\f@nch@O@orh=\skip101
\f@nch@O@elf=\skip102
\f@nch@O@erf=\skip103
\f@nch@O@olf=\skip104
\f@nch@O@orf=\skip105
)
\UNl=\box161
\UNd=\box162
 (C:\Program Files\MiKTeX\tex/latex/pgfplots\pgfplots.sty (C:\Program Files\MiKTeX\tex/generic/pgfplots\pgfplots.revision.tex)
Package: pgfplots 2021/05/15 v1.18.1 Data Visualization (1.18.1)
 (C:\Program Files\MiKTeX\tex/generic/pgfplots\pgfplots.code.tex (C:\Program Files\MiKTeX\tex/generic/pgfplots\pgfplotscore.code.tex
\t@pgfplots@toka=\toks63
\t@pgfplots@tokb=\toks64
\t@pgfplots@tokc=\toks65
\pgfplots@tmpa=\dimen399
\c@pgfplots@coordindex=\count561
\c@pgfplots@scanlineindex=\count562
 (C:\Program Files\MiKTeX\tex/generic/pgfplots/sys\pgfplotssysgeneric.code.tex)) (C:\Program Files\MiKTeX\tex/generic/pgfplots/libs\pgfplotslibrary.code.tex) (C:\Program Files\MiKTeX\tex/generic/pgfplots/oldpgfcompatib\pgfplotsoldpgfsupp_loader.code.tex (C:\Program Files\MiKTeX\tex/generic/pgf/libraries\pgflibraryfpu.code.tex)
Package pgfplots: loading complementary utilities for your pgf version...
\t@pgf@toka=\toks66
\t@pgf@tokb=\toks67
\t@pgf@tokc=\toks68
(C:\Program Files\MiKTeX\tex/generic/pgfplots/oldpgfcompatib\pgfplotsoldpgfsupp_pgfutil-common-lists.tex)) (C:\Program Files\MiKTeX\tex/generic/pgfplots/util\pgfplotsutil.code.tex (C:\Program Files\MiKTeX\tex/generic/pgfplots/liststructure\pgfplotsliststructure.code.tex) (C:\Program Files\MiKTeX\tex/generic/pgfplots/liststructure\pgfplotsliststructureext.code.tex) (C:\Program Files\MiKTeX\tex/generic/pgfplots/liststructure\pgfplotsarray.code.tex
\c@pgfplotsarray@tmp=\count563
) (C:\Program Files\MiKTeX\tex/generic/pgfplots/liststructure\pgfplotsmatrix.code.tex) (C:\Program Files\MiKTeX\tex/generic/pgfplots/numtable\pgfplotstableshared.code.tex
\c@pgfplotstable@counta=\count564
\t@pgfplotstable@a=\toks69
) (C:\Program Files\MiKTeX\tex/generic/pgfplots/liststructure\pgfplotsdeque.code.tex) (C:\Program Files\MiKTeX\tex/generic/pgfplots/util\pgfplotsbinary.code.tex (C:\Program Files\MiKTeX\tex/generic/pgfplots/util\pgfplotsbinary.data.code.tex)) (C:\Program Files\MiKTeX\tex/generic/pgfplots/util\pgfplotsutil.verb.code.tex) (C:\Program Files\MiKTeX\tex/generic/pgfplots/libs\pgflibrarypgfplots.surfshading.code.tex
\c@pgfplotslibrarysurf@no=\count565
 (C:\Program Files\MiKTeX\tex/generic/pgfplots/sys\pgflibrarypgfplots.surfshading.pgfsys-pdftex.def))) (C:\Program Files\MiKTeX\tex/generic/pgfplots/util\pgfplotscolormap.code.tex (C:\Program Files\MiKTeX\tex/generic/pgfplots/util\pgfplotscolor.code.tex)) (C:\Program Files\MiKTeX\tex/generic/pgfplots\pgfplotsstackedplots.code.tex) (C:\Program Files\MiKTeX\tex/generic/pgfplots\pgfplotsplothandlers.code.tex (C:\Program Files\MiKTeX\tex/generic/pgfplots\pgfplotsmeshplothandler.code.tex (C:\Program Files\MiKTeX\tex/generic/pgfplots\pgfplotsmeshplotimage.code.tex))) (C:\Program Files\MiKTeX\tex/generic/pgfplots\pgfplots.scaling.code.tex) (C:\Program Files\MiKTeX\tex/generic/pgfplots\pgfplotscoordprocessing.code.tex) (C:\Program Files\MiKTeX\tex/generic/pgfplots\pgfplots.errorbars.code.tex) (C:\Program Files\MiKTeX\tex/generic/pgfplots\pgfplots.markers.code.tex) (C:\Program Files\MiKTeX\tex/generic/pgfplots\pgfplotsticks.code.tex) (C:\Program Files\MiKTeX\tex/generic/pgfplots\pgfplots.paths.code.tex) (C:\Program Files\MiKTeX\tex/generic/pgf/frontendlayer/tikz/libraries\tikzlibrarydecorations.code.tex (C:\Program Files\MiKTeX\tex/generic/pgf/modules\pgfmoduledecorations.code.tex
\pgfdecoratedcompleteddistance=\dimen400
\pgfdecoratedremainingdistance=\dimen401
\pgfdecoratedinputsegmentcompleteddistance=\dimen402
\pgfdecoratedinputsegmentremainingdistance=\dimen403
\pgf@decorate@distancetomove=\dimen404
\pgf@decorate@repeatstate=\count566
\pgfdecorationsegmentamplitude=\dimen405
\pgfdecorationsegmentlength=\dimen406
)
\tikz@lib@dec@box=\box163
) (C:\Program Files\MiKTeX\tex/generic/pgf/frontendlayer/tikz/libraries\tikzlibrarydecorations.pathmorphing.code.tex (C:\Program Files\MiKTeX\tex/generic/pgf/libraries/decorations\pgflibrarydecorations.pathmorphing.code.tex)) (C:\Program Files\MiKTeX\tex/generic/pgf/frontendlayer/tikz/libraries\tikzlibrarydecorations.pathreplacing.code.tex (C:\Program Files\MiKTeX\tex/generic/pgf/libraries/decorations\pgflibrarydecorations.pathreplacing.code.tex)) (C:\Program Files\MiKTeX\tex/generic/pgfplots/libs\tikzlibrarypgfplots.contourlua.code.tex)
\pgfplots@numplots=\count567
\pgfplots@xmin@reg=\dimen407
\pgfplots@xmax@reg=\dimen408
\pgfplots@ymin@reg=\dimen409
\pgfplots@ymax@reg=\dimen410
\pgfplots@zmin@reg=\dimen411
\pgfplots@zmax@reg=\dimen412
) (C:\Program Files\MiKTeX\tex/generic/pgf/frontendlayer/tikz/libraries\tikzlibraryplotmarks.code.tex
File: tikzlibraryplotmarks.code.tex 2023-01-15 v3.1.10 (3.1.10)
 (C:\Program Files\MiKTeX\tex/generic/pgf/libraries\pgflibraryplotmarks.code.tex
File: pgflibraryplotmarks.code.tex 2023-01-15 v3.1.10 (3.1.10)
))) (C:\Program Files\MiKTeX\tex/latex/comment\comment.sty
\CommentStream=\write8
 Excluding comment 'comment') (C:\Program Files\MiKTeX\tex/latex/pdflscape\pdflscape.sty
Package: pdflscape 2022-10-27 v0.13 Display of landscape pages in PDF
 (C:\Program Files\MiKTeX\tex/latex/pdflscape\pdflscape-nometadata.sty
Package: pdflscape-nometadata 2022-10-28 v0.13 Display of landscape pages in PDF (HO)
 (C:\Program Files\MiKTeX\tex/latex/graphics\lscape.sty
Package: lscape 2020/05/28 v3.02 Landscape Pages (DPC)
)
Package pdflscape Info: Auto-detected driver: pdftex on input line 81.
)) (C:\Program Files\MiKTeX\tex/latex/graphics\rotating.sty
Package: rotating 2016/08/11 v2.16d rotated objects in LaTeX
\c@r@tfl@t=\count568
\rotFPtop=\skip106
\rotFPbot=\skip107
\rot@float@box=\box164
\rot@mess@toks=\toks70
) (C:\Program Files\MiKTeX\tex/latex/parskip\parskip.sty
Package: parskip 2021-03-14 v2.0h non-zero parskip adjustments
) (C:\Program Files\MiKTeX\tex/latex/tools\hhline.sty
Package: hhline 2020/01/04 v2.04 Table rule package (DPC)
) (C:\Program Files\MiKTeX\tex/latex/tools\longtable.sty
Package: longtable 2023-11-01 v4.19 Multi-page Table package (DPC)
\LTleft=\skip108
\LTright=\skip109
\LTpre=\skip110
\LTpost=\skip111
\LTchunksize=\count569
\LTcapwidth=\dimen413
\LT@head=\box165
\LT@firsthead=\box166
\LT@foot=\box167
\LT@lastfoot=\box168
\LT@gbox=\box169
\LT@cols=\count570
\LT@rows=\count571
\c@LT@tables=\count572
\c@LT@chunks=\count573
\LT@p@ftn=\toks71
) (C:\Program Files\MiKTeX\tex/latex/booktabs\booktabs.sty
Package: booktabs 2020/01/12 v1.61803398 Publication quality tables
\heavyrulewidth=\dimen414
\lightrulewidth=\dimen415
\cmidrulewidth=\dimen416
\belowrulesep=\dimen417
\belowbottomsep=\dimen418
\aboverulesep=\dimen419
\abovetopsep=\dimen420
\cmidrulesep=\dimen421
\cmidrulekern=\dimen422
\defaultaddspace=\dimen423
\@cmidla=\count574
\@cmidlb=\count575
\@aboverulesep=\dimen424
\@belowrulesep=\dimen425
\@thisruleclass=\count576
\@lastruleclass=\count577
\@thisrulewidth=\dimen426
) (C:\Program Files\MiKTeX\tex/latex/multirow\bigstrut.sty
Package: bigstrut 2021/03/15 v2.8 Provide larger struts in tabulars
) (C:\Program Files\MiKTeX\tex/latex/tools\enumerate.sty
Package: enumerate 2023/07/04 v3.00 enumerate extensions (DPC)
\@enLab=\toks72
) (C:\Program Files\MiKTeX\tex/latex/cleveref\cleveref.sty
Package: cleveref 2018/03/27 v0.21.4 Intelligent cross-referencing
Package cleveref Info: `hyperref' support loaded on input line 2370.
LaTeX Info: Redefining \cref on input line 2370.
LaTeX Info: Redefining \Cref on input line 2370.
LaTeX Info: Redefining \crefrange on input line 2370.
LaTeX Info: Redefining \Crefrange on input line 2370.
LaTeX Info: Redefining \cpageref on input line 2370.
LaTeX Info: Redefining \Cpageref on input line 2370.
LaTeX Info: Redefining \cpagerefrange on input line 2370.
LaTeX Info: Redefining \Cpagerefrange on input line 2370.
LaTeX Info: Redefining \labelcref on input line 2370.
LaTeX Info: Redefining \labelcpageref on input line 2370.
Package cleveref Info: `listings' support loaded on input line 3131.
) (C:\Program Files\MiKTeX\tex/latex/braket\braket.sty))
Package csquotes Info: Checking for multilingual support...
Package csquotes Info: ... found 'babel' package.
Package csquotes Info: Adjusting default style.
Package csquotes Info: Redefining alias 'default' -> 'spanish'.
LaTeX Font Info:    Trying to load font information for T1+lmr on input line 10.
 (C:\Program Files\MiKTeX\tex/latex/lm\t1lmr.fd
File: t1lmr.fd 2015/05/01 v1.6.1 Font defs for Latin Modern
) (tesis.aux
LaTeX Info: Redefining \. on input line 8.
LaTeX Info: Redefining \% on input line 8.
)
\openout1 = `tesis.aux'.

LaTeX Font Info:    Checking defaults for OML/cmm/m/it on input line 10.
LaTeX Font Info:    ... okay on input line 10.
LaTeX Font Info:    Checking defaults for OMS/cmsy/m/n on input line 10.
LaTeX Font Info:    ... okay on input line 10.
LaTeX Font Info:    Checking defaults for OT1/cmr/m/n on input line 10.
LaTeX Font Info:    ... okay on input line 10.
LaTeX Font Info:    Checking defaults for T1/cmr/m/n on input line 10.
LaTeX Font Info:    ... okay on input line 10.
LaTeX Font Info:    Checking defaults for TS1/cmr/m/n on input line 10.
LaTeX Font Info:    ... okay on input line 10.
LaTeX Font Info:    Checking defaults for OMX/cmex/m/n on input line 10.
LaTeX Font Info:    ... okay on input line 10.
LaTeX Font Info:    Checking defaults for U/cmr/m/n on input line 10.
LaTeX Font Info:    ... okay on input line 10.
LaTeX Font Info:    Checking defaults for PD1/pdf/m/n on input line 10.
LaTeX Font Info:    ... okay on input line 10.
LaTeX Font Info:    Checking defaults for PU/pdf/m/n on input line 10.
LaTeX Font Info:    ... okay on input line 10.

*geometry* driver: auto-detecting
*geometry* detected driver: pdftex
*geometry* verbose mode - [ preamble ] result:
* driver: pdftex
* paper: letterpaper
* layout: <same size as paper>
* layoutoffset:(h,v)=(0.0pt,0.0pt)
* modes: includehead includefoot 
* h-part:(L,W,R)=(71.13188pt, 486.25761pt, 56.9055pt)
* v-part:(T,H,B)=(42.67912pt, 695.38536pt, 56.9055pt)
* \paperwidth=614.295pt
* \paperheight=794.96999pt
* \textwidth=486.25761pt
* \textheight=625.38536pt
* \oddsidemargin=-1.1381pt
* \evensidemargin=-1.1381pt
* \topmargin=-29.59087pt
* \headheight=56.9055pt
* \headsep=15.0pt
* \topskip=12.0pt
* \footskip=30.0pt
* \marginparwidth=44.0pt
* \marginparsep=10.0pt
* \columnsep=10.0pt
* \skip\footins=10.8pt plus 4.0pt minus 2.0pt
* \hoffset=0.0pt
* \voffset=0.0pt
* \mag=1000
* \@twocolumnfalse
* \@twosidefalse
* \@mparswitchfalse
* \@reversemarginfalse
* (1in=72.27pt=25.4mm, 1cm=28.453pt)

LaTeX Info: Redefining \. on input line 10.
LaTeX Info: Redefining \% on input line 10.
(C:\Program Files\MiKTeX\tex/context/base/mkii\supp-pdf.mkii
[Loading MPS to PDF converter (version 2006.09.02).]
\scratchcounter=\count578
\scratchdimen=\dimen427
\scratchbox=\box170
\nofMPsegments=\count579
\nofMParguments=\count580
\everyMPshowfont=\toks73
\MPscratchCnt=\count581
\MPscratchDim=\dimen428
\MPnumerator=\count582
\makeMPintoPDFobject=\count583
\everyMPtoPDFconversion=\toks74
) (C:\Program Files\MiKTeX\tex/latex/epstopdf-pkg\epstopdf-base.sty
Package: epstopdf-base 2020-01-24 v2.11 Base part for package epstopdf
Package epstopdf-base Info: Redefining graphics rule for `.eps' on input line 485.
 (C:\Program Files\MiKTeX\tex/latex/00miktex\epstopdf-sys.cfg
File: epstopdf-sys.cfg 2021/03/18 v2.0 Configuration of epstopdf for MiKTeX
)) (C:\Program Files\MiKTeX\tex/latex/ragged2e\ragged2e.sty
Package: ragged2e 2023/06/22 v3.6 ragged2e Package
\CenteringLeftskip=\skip112
\RaggedLeftLeftskip=\skip113
\RaggedRightLeftskip=\skip114
\CenteringRightskip=\skip115
\RaggedLeftRightskip=\skip116
\RaggedRightRightskip=\skip117
\CenteringParfillskip=\skip118
\RaggedLeftParfillskip=\skip119
\RaggedRightParfillskip=\skip120
\JustifyingParfillskip=\skip121
\CenteringParindent=\skip122
\RaggedLeftParindent=\skip123
\RaggedRightParindent=\skip124
\JustifyingParindent=\skip125
) (C:\Program Files\MiKTeX\tex/latex/translations/dicts\translations-basic-dictionary-spanish.trsl
File: translations-basic-dictionary-spanish.trsl (spanish translation file `translations-basic-dictionary')
)
Package translations Info: loading dictionary `translations-basic-dictionary' for `spanish'. on input line 10.
\c@lstlisting=\count584
Package caption Info: Begin \AtBeginDocument code.
Package caption Info: float package is loaded.
Package caption Info: hyperref package is loaded.
Package caption Info: longtable package is loaded.
 (C:\Program Files\MiKTeX\tex/latex/caption\ltcaption.sty
Package: ltcaption 2021/01/08 v1.4c longtable captions (AR)
)
Package caption Info: rotating package is loaded.
Package caption Info: End \AtBeginDocument code.
Package hyperref Info: Link coloring ON on input line 10.
 (tesis.out) (tesis.out)
\@outlinefile=\write9
\openout9 = `tesis.out'.

Package biblatex Info: Trying to load language 'spanish'...
Package biblatex Info: ... file 'spanish.lbx' found.
 (C:\Program Files\MiKTeX\tex/latex/biblatex/lbx\spanish.lbx
File: spanish.lbx 2024/03/21 v3.20 biblatex localization (PK/MW)
)
Package biblatex Info: Input encoding 'utf8' detected.
Package biblatex Info: Automatic encoding selection.
(biblatex)             Assuming data encoding 'utf8'.
\openout6 = `tesis.bcf'.

Package biblatex Info: Trying to load bibliographic data...
Package biblatex Info: ... file 'tesis.bbl' found.
 (tesis.bbl)
Package biblatex Info: Reference section=0 on input line 10.
Package biblatex Info: Reference segment=0 on input line 10.

Package pgfplots notification 'compat/show suggested version=true': you might benefit from \pgfplotsset{compat=1.18} (current compat level: 1.17).

<images/EscudoUN.png, id=94, 202.356pt x 82.8696pt>
File: images/EscudoUN.png Graphic file (type png)
<use images/EscudoUN.png>
Package pdftex.def Info: images/EscudoUN.png  used on input line 20.
(pdftex.def)             Requested size: 202.3555pt x 82.86937pt.
[1
Non-PDF special ignored!
<special> header=pstricks.pro
Non-PDF special ignored!
<special> header=pst-algparser.pro
Non-PDF special ignored!
<special> header=pst-tools.pro
Non-PDF special ignored!
<special> header=pst-dots.pro
Non-PDF special ignored!
<special> header=pst-node.pro
Non-PDF special ignored!
<special> header=pst-3d.pro
Non-PDF special ignored!
<special> header=pst-math.pro
Non-PDF special ignored!
<special> header=pstricks-add.pro
Non-PDF special ignored!
<special> header=pst-grad.pro
Non-PDF special ignored!
<special> header=pst-coil.pro
Non-PDF special ignored!
<special> header=pst-text.pro

Non-PDF special ignored!
<special> ps: /pssetRGBcolor /setrgbcolor load def /pssetCMYKcolor /setcmyk...
Non-PDF special ignored!
<special> ps:tx@Dict begin  gsave STV CP T /ps@rot 0 def grestore  end
Non-PDF special ignored!
<special> ps:tx@Dict begin  gsave STV CP T /ps@refangle 0.  def grestore  e...
Non-PDF special ignored!
<special> ps:tx@Dict begin  gsave STV CP T /ps@rot 0 def grestore  end
Non-PDF special ignored!
<special> ps:0.8 setlinewidth 0 setgray
{C:/Users/eduar/AppData/Local/MiKTeX/fonts/map/pdftex/pdftex.map}{C:/Program Files/MiKTeX/fonts/enc/dvips/lm/lm-ec.enc} <./images/EscudoUN.png>]
File: images/EscudoUN.png Graphic file (type png)
<use images/EscudoUN.png>
Package pdftex.def Info: images/EscudoUN.png  used on input line 44.
(pdftex.def)             Requested size: 202.3555pt x 82.86937pt.

pdfTeX warning (ext4): destination with the same identifier (name{page.1}) has been already used, duplicate ignored
<to be read again> 
                   \relax 
l.64 \end{titlepage}
                     [1] (tesis.toc
LaTeX Info: Redefining \sptext on input line 1.
LaTeX Info: Redefining \. on input line 1.
LaTeX Info: Redefining \% on input line 1.
LaTeX Font Info:    Trying to load font information for OT1+lmr on input line 4.
 (C:\Program Files\MiKTeX\tex/latex/lm\ot1lmr.fd
File: ot1lmr.fd 2015/05/01 v1.6.1 Font defs for Latin Modern
)
LaTeX Font Info:    Trying to load font information for OML+lmm on input line 4.
 (C:\Program Files\MiKTeX\tex/latex/lm\omllmm.fd
File: omllmm.fd 2015/05/01 v1.6.1 Font defs for Latin Modern
)
LaTeX Font Info:    Trying to load font information for OMS+lmsy on input line 4.
 (C:\Program Files\MiKTeX\tex/latex/lm\omslmsy.fd
File: omslmsy.fd 2015/05/01 v1.6.1 Font defs for Latin Modern
)
LaTeX Font Info:    Trying to load font information for OMX+lmex on input line 4.
 (C:\Program Files\MiKTeX\tex/latex/lm\omxlmex.fd
File: omxlmex.fd 2015/05/01 v1.6.1 Font defs for Latin Modern
)
LaTeX Font Info:    External font `lmex10' loaded for size
(Font)              <12> on input line 4.
LaTeX Font Info:    External font `lmex10' loaded for size
(Font)              <8> on input line 4.
LaTeX Font Info:    External font `lmex10' loaded for size
(Font)              <6> on input line 4.
LaTeX Font Info:    Trying to load font information for U+msa on input line 4.
 (C:\Program Files\MiKTeX\tex/latex/amsfonts\umsa.fd
File: umsa.fd 2013/01/14 v3.01 AMS symbols A
)
LaTeX Font Info:    Trying to load font information for U+msb on input line 4.
 (C:\Program Files\MiKTeX\tex/latex/amsfonts\umsb.fd
File: umsb.fd 2013/01/14 v3.01 AMS symbols B
)
LaTeX Font Info:    Trying to load font information for U+esvect on input line 4.
 (C:\Program Files\MiKTeX\tex/latex/esvect\uesvect.fd
File: uesvect.fd 
))
\tf@toc=\write10
\openout10 = `tesis.toc'.


pdfTeX warning (ext4): destination with the same identifier (name{page.1}) has been already used, duplicate ignored
<to be read again> 
                   \relax 
l.70 \newpage
              [1] (tesis.lof
LaTeX Info: Redefining \sptext on input line 1.
LaTeX Info: Redefining \. on input line 1.
LaTeX Info: Redefining \% on input line 1.
)
\tf@lof=\write11
\openout11 = `tesis.lof'.

 (tesis.lot
LaTeX Info: Redefining \sptext on input line 1.
LaTeX Info: Redefining \. on input line 1.
LaTeX Info: Redefining \% on input line 1.
 [2{C:/Program Files/MiKTeX/fonts/enc/dvips/lm/lm-mathit.enc}{C:/Program Files/MiKTeX/fonts/enc/dvips/lm/lm-rm.enc}{C:/Program Files/MiKTeX/fonts/enc/dvips/lm/lm-mathsy.enc}])
\tf@lot=\write12
\openout12 = `tesis.lot'.

 [3]
LaTeX Font Info:    Trying to load font information for TS1+lmr on input line 94.
 (C:\Program Files\MiKTeX\tex/latex/lm\ts1lmr.fd
File: ts1lmr.fd 2015/05/01 v1.6.1 Font defs for Latin Modern
)
Underfull \hbox (badness 10000) in paragraph at lines 77--119

 []


Underfull \hbox (badness 10000) in paragraph at lines 77--119

 []


Underfull \hbox (badness 10000) in paragraph at lines 77--119

 []


pdfTeX warning (ext4): destination with the same identifier (name{page.1}) has been already used, duplicate ignored
<to be read again> 
                   \relax 
l.120 \newpage
               [1{C:/Program Files/MiKTeX/fonts/enc/dvips/lm/lm-ts1.enc}]
Underfull \hbox (badness 10000) in paragraph at lines 127--129

 []


Underfull \hbox (badness 10000) in paragraph at lines 129--131

 []


Underfull \hbox (badness 10000) in paragraph at lines 131--133

 []


pdfTeX warning (ext4): destination with the same identifier (name{page.2}) has been already used, duplicate ignored
<to be read again> 
                   \relax 
l.135 \newpage
               [2]
<images/Moon_sides.jpg, id=231, 469.755pt x 264.23718pt>
File: images/Moon_sides.jpg Graphic file (type jpg)
<use images/Moon_sides.jpg>
Package pdftex.def Info: images/Moon_sides.jpg  used on input line 153.
(pdftex.def)             Requested size: 340.37885pt x 191.46422pt.

Underfull \hbox (badness 10000) in paragraph at lines 137--159

 []

<images/Azimuth_45_altitude_70.png, id=235, 265.2309pt x 181.3977pt>
File: images/Azimuth_45_altitude_70.png Graphic file (type png)
<use images/Azimuth_45_altitude_70.png>
Package pdftex.def Info: images/Azimuth_45_altitude_70.png  used on input line 181.
(pdftex.def)             Requested size: 145.87875pt x 99.7718pt.
<images/Azimuth_45_altitude_45.png, id=236, 265.2309pt x 181.3977pt>
File: images/Azimuth_45_altitude_45.png Graphic file (type png)
<use images/Azimuth_45_altitude_45.png>
Package pdftex.def Info: images/Azimuth_45_altitude_45.png  used on input line 188.
(pdftex.def)             Requested size: 145.87875pt x 99.7718pt.
<images/Azimuth_45_altitude_5.png, id=237, 265.2309pt x 181.3977pt>
File: images/Azimuth_45_altitude_5.png Graphic file (type png)
<use images/Azimuth_45_altitude_5.png>
Package pdftex.def Info: images/Azimuth_45_altitude_5.png  used on input line 195.
(pdftex.def)             Requested size: 145.87875pt x 99.7718pt.

Underfull \hbox (badness 10000) in paragraph at lines 160--203

 []


pdfTeX warning (ext4): destination with the same identifier (name{page.3}) has been already used, duplicate ignored
<to be read again> 
                   \relax 
l.203 \end{figure}
                   [3 <./images/Moon_sides.jpg>]
Underfull \hbox (badness 10000) in paragraph at lines 205--232

 []


Underfull \hbox (badness 10000) in paragraph at lines 205--232

 []


Underfull \hbox (badness 10000) in paragraph at lines 205--232

 []

[4 <./images/Azimuth_45_altitude_70.png> <./images/Azimuth_45_altitude_45.png> <./images/Azimuth_45_altitude_5.png>]
Overfull \hbox (1.18489pt too wide) in paragraph at lines 251--271
 [][] 
 []


Underfull \hbox (badness 10000) in paragraph at lines 234--273

 []


Underfull \hbox (badness 10000) in paragraph at lines 234--273

 []

<images/Garavito_craters_LRO.png, id=264, 597.432pt x 421.0932pt>
File: images/Garavito_craters_LRO.png Graphic file (type png)
<use images/Garavito_craters_LRO.png>
Package pdftex.def Info: images/Garavito_craters_LRO.png  used on input line 284.
(pdftex.def)             Requested size: 340.37885pt x 239.91638pt.
[5]
<images/Gaia_map_of_interstellar_dust_in_the_Milky_Way.png, id=272, 2006.49625pt x 1002.74625pt>
File: images/Gaia_map_of_interstellar_dust_in_the_Milky_Way.png Graphic file (type png)
<use images/Gaia_map_of_interstellar_dust_in_the_Milky_Way.png>
Package pdftex.def Info: images/Gaia_map_of_interstellar_dust_in_the_Milky_Way.png  used on input line 303.
(pdftex.def)             Requested size: 340.37885pt x 170.09738pt.
 [6 <./images/Garavito_craters_LRO.png>]
<images/HR_diagram.jpg, id=283, 903.375pt x 737.75626pt>
File: images/HR_diagram.jpg Graphic file (type jpg)
<use images/HR_diagram.jpg>
Package pdftex.def Info: images/HR_diagram.jpg  used on input line 346.
(pdftex.def)             Requested size: 291.75752pt x 238.27072pt.

Underfull \hbox (badness 10000) in paragraph at lines 309--351

 []


Underfull \hbox (badness 10000) in paragraph at lines 309--351

 []


Underfull \hbox (badness 10000) in paragraph at lines 309--351

 []

[7 <./images/Gaia_map_of_interstellar_dust_in_the_Milky_Way.png>]
<images/System_solar_origin.png, id=293, 1059.96pt x 576.1525pt>
File: images/System_solar_origin.png Graphic file (type png)
<use images/System_solar_origin.png>
Package pdftex.def Info: images/System_solar_origin.png  used on input line 375.
(pdftex.def)             Requested size: 340.37885pt x 185.01433pt.

Underfull \hbox (badness 10000) in paragraph at lines 354--380

 []

[8 <./images/HR_diagram.jpg>] [9 <./images/System_solar_origin.png>] [10]
<images/EM_Spectrum_Properties_edit.png, id=315, 677.53125pt x 401.5pt>
File: images/EM_Spectrum_Properties_edit.png Graphic file (type png)
<use images/EM_Spectrum_Properties_edit.png>
Package pdftex.def Info: images/EM_Spectrum_Properties_edit.png  used on input line 460.
(pdftex.def)             Requested size: 340.37885pt x 201.71133pt.
 [11 <./images/EM_Spectrum_Properties_edit.png>]
Underfull \hbox (badness 10000) in paragraph at lines 476--484

 []


Underfull \hbox (badness 10000) in paragraph at lines 487--498

 []

<images/waavelength.png, id=329, 376.40625pt x 737.00343pt>
File: images/waavelength.png Graphic file (type png)
<use images/waavelength.png>
Package pdftex.def Info: images/waavelength.png  used on input line 520.
(pdftex.def)             Requested size: 194.50008pt x 380.8374pt.

Underfull \hbox (badness 10000) in paragraph at lines 516--525

 []

[12] [13 <./images/waavelength.png>]
Underfull \hbox (badness 10000) in paragraph at lines 543--544

 []


Underfull \hbox (badness 10000) in paragraph at lines 566--585

 []


Underfull \hbox (badness 10000) in paragraph at lines 566--585

 []

[14{C:/Program Files/MiKTeX/fonts/enc/dvips/lm/lm-mathex.enc}]
<images/diagrama_albedo.png, id=358, 352.31625pt x 392.96812pt>
File: images/diagrama_albedo.png Graphic file (type png)
<use images/diagrama_albedo.png>
Package pdftex.def Info: images/diagrama_albedo.png  used on input line 597.
(pdftex.def)             Requested size: 194.50008pt x 216.94261pt.

Underfull \hbox (badness 10000) in paragraph at lines 587--601

 []

<images/albedo_sol_reflejo.png, id=361, 353.82187pt x 353.82187pt>
File: images/albedo_sol_reflejo.png Graphic file (type png)
<use images/albedo_sol_reflejo.png>
Package pdftex.def Info: images/albedo_sol_reflejo.png  used on input line 615.
(pdftex.def)             Requested size: 194.50008pt x 194.50005pt.
[15 <./images/diagrama_albedo.png>]
<images/Albedo.png, id=368, 542.77782pt x 391.4625pt>
File: images/Albedo.png Graphic file (type png)
<use images/Albedo.png>
Package pdftex.def Info: images/Albedo.png  used on input line 631.
(pdftex.def)             Requested size: 243.1288pt x 175.3501pt.
 [16 <./images/albedo_sol_reflejo.png>]
<images/Emision_moon_example.png, id=376, 635.37375pt x 278.54062pt>
File: images/Emision_moon_example.png Graphic file (type png)
<use images/Emision_moon_example.png>
Package pdftex.def Info: images/Emision_moon_example.png  used on input line 707.
(pdftex.def)             Requested size: 486.25761pt x 213.17638pt.
 [17 <./images/Albedo.png>] [18]
Underfull \hbox (badness 10000) in paragraph at lines 718--814

 []


Underfull \hbox (badness 10000) in paragraph at lines 718--814

 []

[19 <./images/Emision_moon_example.png>] [20]
Overfull \hbox (6.01044pt too wide) in paragraph at lines 830--830
[]|[]| 
 []


Underfull \hbox (badness 10000) in paragraph at lines 841--860

 []


Underfull \hbox (badness 10000) in paragraph at lines 841--860

 []


Underfull \hbox (badness 10000) in paragraph at lines 841--860

 []


Underfull \hbox (badness 10000) in paragraph at lines 841--860

 []

[21]
<images/coord_planetocentricas.png, id=409, 529.98pt x 451.6875pt>
File: images/coord_planetocentricas.png Graphic file (type png)
<use images/coord_planetocentricas.png>
Package pdftex.def Info: images/coord_planetocentricas.png  used on input line 871.
(pdftex.def)             Requested size: 291.75752pt x 248.65633pt.
 [22]
Underfull \hbox (badness 10000) in paragraph at lines 885--922

 []


Underfull \hbox (badness 10000) in paragraph at lines 885--922

 []

[23 <./images/coord_planetocentricas.png>] [24] [25]
<images/Schedule.png, id=441, 634.62094pt x 561.59813pt>
File: images/Schedule.png Graphic file (type png)
<use images/Schedule.png>
Package pdftex.def Info: images/Schedule.png  used on input line 1034.
(pdftex.def)             Requested size: 486.25761pt x 430.31528pt.
 [26] [27 <./images/Schedule.png>]
LaTeX Font Info:    Trying to load font information for T1+lmtt on input line 1040.
 (C:\Program Files\MiKTeX\tex/latex/lm\t1lmtt.fd
File: t1lmtt.fd 2015/05/01 v1.6.1 Font defs for Latin Modern
)

Package biblatex Warning: Month out of range or not an integer
(biblatex)                at entry 'GaravitoArmero_2017' on input line 1040.

[28]
Overfull \hbox (2.26079pt too wide) in paragraph at lines 1041--1041
\T1/lmtt/m/n/12 1093 / acrefore / 9780190647926 . 013 . 2$[][]\T1/lmr/m/n/12 . \T1/lmr/m/sc/12 url\T1/lmr/m/n/12 : [][]$\T1/lmtt/m/n/12 https : / / oxfordre . com / planetaryscience /
 []

[29] [30] (tesis.aux
LaTeX Info: Redefining \sptext on input line 8.
LaTeX Info: Redefining \. on input line 8.
LaTeX Info: Redefining \% on input line 8.
)
 ***********
LaTeX2e <2023-11-01> patch level 1
L3 programming layer <2024-03-14>
 ***********
Package rerunfilecheck Info: File `tesis.out' has not changed.
(rerunfilecheck)             Checksum: 688B067B8D748967E08370E31E07A0A3;3596.
Package logreq Info: Writing requests to 'tesis.run.xml'.
\openout1 = `tesis.run.xml'.

 ) 
Here is how much of TeX's memory you used:
 60463 strings out of 474424
 1336669 string characters out of 5751555
 2369953 words of memory out of 5000000
 81706 multiletter control sequences out of 15000+600000
 609768 words of font info for 72 fonts, out of 8000000 for 9000
 1141 hyphenation exceptions out of 8191
 138i,13n,139p,2624b,2776s stack positions out of 10000i,1000n,20000p,200000b,200000s
<C:/Program Files/MiKTeX/fonts/type1/public/lm/lmbx12.pfb><C:/Program Files/MiKTeX/fonts/type1/public/lm/lmcsc10.pfb><C:/Program Files/MiKTeX/fonts/type1/public/lm/lmex10.pfb><C:/Program Files/MiKTeX/fonts/type1/public/lm/lmmi12.pfb><C:/Program Files/MiKTeX/fonts/type1/public/lm/lmmi8.pfb><C:/Program Files/MiKTeX/fonts/type1/public/lm/lmr10.pfb><C:/Program Files/MiKTeX/fonts/type1/public/lm/lmr12.pfb><C:/Program Files/MiKTeX/fonts/type1/public/lm/lmr8.pfb><C:/Program Files/MiKTeX/fonts/type1/public/lm/lmri12.pfb><C:/Program Files/MiKTeX/fonts/type1/public/lm/lmro12.pfb><C:/Program Files/MiKTeX/fonts/type1/public/lm/lmsy10.pfb><C:/Program Files/MiKTeX/fonts/type1/public/lm/lmsy8.pfb><C:/Program Files/MiKTeX/fonts/type1/public/lm/lmtt12.pfb>
Output written on tesis.pdf (35 pages, 11911907 bytes).
PDF statistics:
 632 PDF objects out of 1000 (max. 8388607)
 115 named destinations out of 1000 (max. 500000)
 274 words of extra memory for PDF output out of 10000 (max. 10000000)

