\BOOKMARK [1][]{section*.3}{\376\377\000A\000g\000r\000a\000d\000e\000c\000i\000m\000i\000e\000n\000t\000o\000s}{}% 1
\BOOKMARK [1][]{section*.4}{\376\377\000R\000e\000s\000u\000m\000e\000n}{}% 2
\BOOKMARK [1][]{section*.5}{\376\377\000A\000b\000s\000t\000r\000a\000c\000t}{}% 3
\BOOKMARK [1][]{section.1}{\376\377\000I\000n\000t\000r\000o\000d\000u\000c\000c\000i\000\363\000n}{}% 4
\BOOKMARK [1][]{section.2}{\376\377\000O\000b\000j\000e\000t\000i\000v\000o\000s}{}% 5
\BOOKMARK [2][]{subsection.2.1}{\376\377\000O\000b\000j\000e\000t\000i\000v\000o\000\040\000G\000e\000n\000e\000r\000a\000l}{section.2}% 6
\BOOKMARK [2][]{subsection.2.2}{\376\377\000O\000b\000j\000e\000t\000i\000v\000o\000s\000\040\000e\000s\000p\000e\000c\000\355\000f\000i\000c\000o\000s}{section.2}% 7
\BOOKMARK [1][]{section.3}{\376\377\000P\000l\000a\000n\000t\000e\000a\000m\000i\000e\000n\000t\000o\000\040\000d\000e\000l\000\040\000p\000r\000o\000b\000l\000e\000m\000a}{}% 8
\BOOKMARK [1][]{section.4}{\376\377\000A\000n\000t\000e\000c\000e\000d\000e\000n\000t\000e\000s}{}% 9
\BOOKMARK [1][]{section.5}{\376\377\000E\000s\000t\000a\000d\000o\000\040\000d\000e\000l\000\040\000A\000r\000t\000e}{}% 10
\BOOKMARK [2][]{subsection.5.1}{\376\377\000F\000o\000r\000m\000a\000c\000i\000\363\000n\000\040\000d\000e\000\040\000S\000i\000s\000t\000e\000m\000a\000s\000\040\000P\000l\000a\000n\000e\000t\000a\000r\000i\000o\000s}{section.5}% 11
\BOOKMARK [2][]{subsection.5.2}{\376\377\000O\000r\000i\000g\000e\000n\000\040\000d\000e\000l\000\040\000s\000i\000s\000t\000e\000m\000a\000\040\000s\000o\000l\000a\000r}{section.5}% 12
\BOOKMARK [2][]{subsection.5.3}{\376\377\000R\000a\000d\000i\000a\000c\000i\000\363\000n\000\040\000d\000e\000l\000\040\000C\000u\000e\000r\000p\000o\000\040\000N\000e\000g\000r\000o\000\040\000y\000\040\000S\000E\000D\000:\000\040\000D\000i\000s\000t\000r\000i\000b\000u\000c\000i\000\363\000n\000\040\000E\000s\000p\000e\000c\000t\000r\000a\000l\000\040\000d\000e\000\040\000E\000n\000e\000r\000g\000\355\000a}{section.5}% 13
\BOOKMARK [3][]{subsubsection.5.3.1}{\376\377\000L\000e\000y\000\040\000d\000e\000\040\000R\000a\000y\000l\000e\000i\000g\000h\040\023\000J\000e\000a\000n\000s}{subsection.5.3}% 14
\BOOKMARK [3][]{subsubsection.5.3.2}{\376\377\000L\000e\000y\000\040\000d\000e\000\040\000W\000i\000e\000n\000'\000s}{subsection.5.3}% 15
\BOOKMARK [3][]{subsubsection.5.3.3}{\376\377\000L\000e\000y\000\040\000d\000e\000\040\000S\000t\000e\000f\000a\000n\040\023\000B\000o\000l\000t\000z\000m\000a\000n\000n}{subsection.5.3}% 16
\BOOKMARK [2][]{subsection.5.4}{\376\377\000A\000l\000b\000e\000d\000o}{section.5}% 17
\BOOKMARK [2][]{subsection.5.5}{\376\377\000E\000m\000i\000s\000i\000\363\000n\000\040\000e\000n\000\040\000I\000n\000f\000r\000a\000r\000r\000o\000j\000o}{section.5}% 18
\BOOKMARK [2][]{subsection.5.6}{\376\377\000C\000o\000o\000r\000d\000e\000n\000a\000d\000a\000s\000\040\000S\000e\000l\000e\000n\000o\000g\000r\000\341\000f\000i\000c\000a\000s}{section.5}% 19
\BOOKMARK [3][]{subsubsection.5.6.1}{\376\377\000C\000o\000o\000r\000d\000e\000n\000a\000d\000a\000s\000\040\000P\000l\000a\000n\000e\000t\000o\000c\000\351\000n\000t\000r\000i\000c\000a\000s}{subsection.5.6}% 20
\BOOKMARK [2][]{subsection.5.7}{\376\377\000L\000a\000\040\000L\000u\000n\000a}{section.5}% 21
\BOOKMARK [3][]{subsubsection.5.7.1}{\376\377\000T\000o\000p\000o\000g\000r\000a\000f\000\355\000a\000\040\000L\000u\000n\000a\000r}{subsection.5.7}% 22
\BOOKMARK [3][]{subsubsection.5.7.2}{\376\377\000T\000e\000m\000p\000e\000r\000a\000t\000u\000r\000a\000\040\000d\000e\000\040\000l\000a\000\040\000L\000u\000n\000a}{subsection.5.7}% 23
\BOOKMARK [1][]{section.6}{\376\377\000M\000e\000t\000o\000d\000o\000l\000o\000g\000\355\000a}{}% 24
\BOOKMARK [1][]{section.7}{\376\377\000P\000r\000e\000s\000u\000p\000u\000e\000s\000t\000o\000\040\000y\000\040\000F\000u\000e\000n\000t\000e\000s\000\040\000d\000e\000\040\000F\000i\000n\000a\000n\000c\000i\000a\000c\000i\000\363\000n}{}% 25
\BOOKMARK [1][]{section.8}{\376\377\000C\000r\000o\000n\000o\000g\000r\000a\000m\000a}{}% 26
